[ 2016-03-24T09:47:29+08:00 ] ::1 /csbweb/Home/Index/login_manage
INFO: [ app_init ] --START--
INFO: Run Behavior\BuildLiteBehavior [ RunTime:0.000026s ]
INFO: [ app_init ] --END-- [ RunTime:0.000623s ]
INFO: [ app_begin ] --START--
INFO: Run Behavior\ReadHtmlCacheBehavior [ RunTime:0.001050s ]
INFO: [ app_begin ] --END-- [ RunTime:0.001178s ]
INFO: [ view_parse ] --START--
INFO: [ template_filter ] --START--
INFO: Run Behavior\ContentReplaceBehavior [ RunTime:0.000080s ]
INFO: [ template_filter ] --END-- [ RunTime:0.000204s ]
INFO: Run Behavior\ParseTemplateBehavior [ RunTime:0.038992s ]
INFO: [ view_parse ] --END-- [ RunTime:0.039125s ]
INFO: [ view_filter ] --START--
INFO: Run Behavior\WriteHtmlCacheBehavior [ RunTime:0.000879s ]
INFO: [ view_filter ] --END-- [ RunTime:0.000989s ]
INFO: [ app_end ] --START--
INFO: Run Behavior\ShowPageTraceBehavior [ RunTime:0.000998s ]
INFO: [ app_end ] --END-- [ RunTime:0.001109s ]

[ 2016-03-24T09:47:29+08:00 ] ::1 /csbweb/Home/Login/getVerify/0.9387841235840337
INFO: [ app_init ] --START--
INFO: Run Behavior\BuildLiteBehavior [ RunTime:0.000026s ]
INFO: [ app_init ] --END-- [ RunTime:0.000525s ]
INFO: [ app_begin ] --START--
INFO: Run Behavior\ReadHtmlCacheBehavior [ RunTime:0.000776s ]
INFO: [ app_begin ] --END-- [ RunTime:0.000894s ]
INFO: [ app_end ] --START--
INFO: Run Behavior\ShowPageTraceBehavior [ RunTime:0.000748s ]
INFO: [ app_end ] --END-- [ RunTime:0.000881s ]

[ 2016-03-24T09:47:33+08:00 ] ::1 /csbweb/
INFO: [ app_init ] --START--
INFO: Run Behavior\BuildLiteBehavior [ RunTime:0.000026s ]
INFO: [ app_init ] --END-- [ RunTime:0.000552s ]
INFO: [ app_begin ] --START--
INFO: Run Behavior\ReadHtmlCacheBehavior [ RunTime:0.000788s ]
INFO: [ app_begin ] --END-- [ RunTime:0.000911s ]
INFO: [ view_parse ] --START--
INFO: [ template_filter ] --START--
INFO: Run Behavior\ContentReplaceBehavior [ RunTime:0.000159s ]
INFO: [ template_filter ] --END-- [ RunTime:0.000291s ]
NOTIC: [8] Undefined index: user_id C:\wamp\www\csbweb\Application\Common\Common\function.php 第 52 行.
NOTIC: [8] Undefined index: user_id C:\wamp\www\csbweb\Application\Common\Common\function.php 第 52 行.
NOTIC: [8] Undefined index: user_id C:\wamp\www\csbweb\Application\Common\Common\function.php 第 52 行.
SQL: SHOW COLUMNS FROM `csb_service` [ RunTime:0.0085s ]
SQL: SELECT * FROM `csb_service` WHERE `service_cat_id` = '14'  [ RunTime:0.0009s ]
SQL: SHOW COLUMNS FROM `csb_service_cat` [ RunTime:0.0068s ]
SQL: SELECT * FROM `csb_service_cat` WHERE ( 1=1 AND id='14' ) LIMIT 1   [ RunTime:0.0003s ]
SQL: SELECT * FROM `csb_service_cat` WHERE ( 1=1 AND id='14' ) LIMIT 1   [ RunTime:0.0004s ]
SQL: SELECT * FROM `csb_service_cat` WHERE ( 1=1 AND id='14' ) LIMIT 1   [ RunTime:0.0002s ]
SQL: SELECT * FROM `csb_service_cat` WHERE ( 1=1 AND id='14' ) LIMIT 1   [ RunTime:0.0002s ]
SQL: SELECT * FROM `csb_service_cat` WHERE ( 1=1 AND id='14' ) LIMIT 1   [ RunTime:0.0002s ]
SQL: SELECT * FROM `csb_service_cat` WHERE ( 1=1 AND id='14' ) LIMIT 1   [ RunTime:0.0002s ]
SQL: SELECT * FROM `csb_service_cat` WHERE ( 1=1 AND id='14' ) LIMIT 1   [ RunTime:0.0005s ]
SQL: SELECT * FROM `csb_service` WHERE `service_cat_id` = '15'  [ RunTime:0.0002s ]
SQL: SELECT * FROM `csb_service` WHERE `service_cat_id` = '16'  [ RunTime:0.0003s ]
SQL: SELECT * FROM `csb_service` WHERE `service_cat_id` = '17'  [ RunTime:0.0003s ]
SQL: SELECT * FROM `csb_service` WHERE `service_cat_id` = '18'  [ RunTime:0.0002s ]
SQL: SELECT * FROM `csb_service` WHERE `service_cat_id` = '19'  [ RunTime:0.0002s ]
SQL: SELECT * FROM `csb_service` WHERE `service_cat_id` = '20'  [ RunTime:0.0003s ]
SQL: SELECT * FROM `csb_service` WHERE `service_cat_id` = '21'  [ RunTime:0.0003s ]
SQL: SELECT * FROM `csb_service_cat` WHERE ( 1=1 AND id='21' ) LIMIT 1   [ RunTime:0.0003s ]
SQL: SELECT * FROM `csb_service_cat` WHERE ( 1=1 AND id='21' ) LIMIT 1   [ RunTime:0.0002s ]
SQL: SELECT * FROM `csb_service` WHERE `service_cat_id` = '22'  [ RunTime:0.0003s ]
SQL: SELECT * FROM `csb_service` WHERE `service_cat_id` = '23'  [ RunTime:0.0003s ]
SQL: SELECT * FROM `csb_service` WHERE `service_cat_id` = '24'  [ RunTime:0.0002s ]
SQL: SELECT * FROM `csb_service` WHERE `service_cat_id` = '25'  [ RunTime:0.0003s ]
SQL: SELECT * FROM `csb_service` WHERE `service_cat_id` = '26'  [ RunTime:0.0005s ]
SQL: SELECT * FROM `csb_service` WHERE `service_cat_id` = '27'  [ RunTime:0.0004s ]
SQL: SELECT * FROM `csb_service` WHERE `service_cat_id` = '28'  [ RunTime:0.0002s ]
INFO: Run Behavior\ParseTemplateBehavior [ RunTime:0.156577s ]
INFO: [ view_parse ] --END-- [ RunTime:0.156695s ]
INFO: [ view_filter ] --START--
INFO: Run Behavior\WriteHtmlCacheBehavior [ RunTime:0.000787s ]
INFO: [ view_filter ] --END-- [ RunTime:0.000906s ]
INFO: [ app_end ] --START--
INFO: Run Behavior\ShowPageTraceBehavior [ RunTime:0.001017s ]
INFO: [ app_end ] --END-- [ RunTime:0.001160s ]

[ 2016-03-24T09:47:58+08:00 ] ::1 /csbweb/Home/Index/cart
INFO: [ app_init ] --START--
INFO: Run Behavior\BuildLiteBehavior [ RunTime:0.000026s ]
INFO: [ app_init ] --END-- [ RunTime:0.000457s ]
INFO: [ app_begin ] --START--
INFO: Run Behavior\ReadHtmlCacheBehavior [ RunTime:0.000766s ]
INFO: [ app_begin ] --END-- [ RunTime:0.000897s ]
NOTIC: [8] Undefined index: user_id C:\wamp\www\csbweb\Application\Home\Common\Controller\CommonController.class.php 第 39 行.
INFO: [ view_parse ] --START--
INFO: [ template_filter ] --START--
INFO: Run Behavior\ContentReplaceBehavior [ RunTime:0.000243s ]
INFO: [ template_filter ] --END-- [ RunTime:0.000435s ]
NOTIC: [8] Undefined index: user_id C:\wamp\www\csbweb\Application\Common\Common\function.php 第 52 行.
NOTIC: [8] Undefined index: user_id C:\wamp\www\csbweb\Application\Common\Common\function.php 第 52 行.
NOTIC: [8] Undefined index: user_id C:\wamp\www\csbweb\Application\Common\Common\function.php 第 52 行.
NOTIC: [8] Undefined index: user_id C:\wamp\www\csbweb\Application\Common\Common\function.php 第 52 行.
INFO: Run Behavior\ParseTemplateBehavior [ RunTime:0.032756s ]
INFO: [ view_parse ] --END-- [ RunTime:0.032943s ]
INFO: [ view_filter ] --START--
INFO: Run Behavior\WriteHtmlCacheBehavior [ RunTime:0.001007s ]
INFO: [ view_filter ] --END-- [ RunTime:0.001154s ]
INFO: [ app_end ] --START--
INFO: Run Behavior\ShowPageTraceBehavior [ RunTime:0.001016s ]
INFO: [ app_end ] --END-- [ RunTime:0.001156s ]

[ 2016-03-24T09:48:00+08:00 ] ::1 /csbweb/Home/Index/login
INFO: [ app_init ] --START--
INFO: Run Behavior\BuildLiteBehavior [ RunTime:0.000025s ]
INFO: [ app_init ] --END-- [ RunTime:0.000449s ]
INFO: [ app_begin ] --START--
INFO: Run Behavior\ReadHtmlCacheBehavior [ RunTime:0.000837s ]
INFO: [ app_begin ] --END-- [ RunTime:0.000978s ]
INFO: [ view_parse ] --START--
INFO: [ template_filter ] --START--
INFO: Run Behavior\ContentReplaceBehavior [ RunTime:0.000179s ]
INFO: [ template_filter ] --END-- [ RunTime:0.000300s ]
NOTIC: [8] Undefined index: user_id C:\wamp\www\csbweb\Application\Common\Common\function.php 第 52 行.
NOTIC: [8] Undefined index: user_id C:\wamp\www\csbweb\Application\Common\Common\function.php 第 52 行.
NOTIC: [8] Undefined index: user_id C:\wamp\www\csbweb\Application\Common\Common\function.php 第 52 行.
SQL: SHOW COLUMNS FROM `csb_service` [ RunTime:0.0075s ]
SQL: SELECT * FROM `csb_service` WHERE `service_cat_id` = '14'  [ RunTime:0.0006s ]
SQL: SHOW COLUMNS FROM `csb_service_cat` [ RunTime:0.0061s ]
SQL: SELECT * FROM `csb_service_cat` WHERE ( 1=1 AND id='14' ) LIMIT 1   [ RunTime:0.0003s ]
SQL: SELECT * FROM `csb_service_cat` WHERE ( 1=1 AND id='14' ) LIMIT 1   [ RunTime:0.0002s ]
SQL: SELECT * FROM `csb_service_cat` WHERE ( 1=1 AND id='14' ) LIMIT 1   [ RunTime:0.0002s ]
SQL: SELECT * FROM `csb_service_cat` WHERE ( 1=1 AND id='14' ) LIMIT 1   [ RunTime:0.0002s ]
SQL: SELECT * FROM `csb_service_cat` WHERE ( 1=1 AND id='14' ) LIMIT 1   [ RunTime:0.0003s ]
SQL: SELECT * FROM `csb_service_cat` WHERE ( 1=1 AND id='14' ) LIMIT 1   [ RunTime:0.0002s ]
SQL: SELECT * FROM `csb_service_cat` WHERE ( 1=1 AND id='14' ) LIMIT 1   [ RunTime:0.0002s ]
SQL: SELECT * FROM `csb_service` WHERE `service_cat_id` = '15'  [ RunTime:0.0002s ]
SQL: SELECT * FROM `csb_service` WHERE `service_cat_id` = '16'  [ RunTime:0.0002s ]
SQL: SELECT * FROM `csb_service` WHERE `service_cat_id` = '17'  [ RunTime:0.0002s ]
SQL: SELECT * FROM `csb_service` WHERE `service_cat_id` = '18'  [ RunTime:0.0002s ]
SQL: SELECT * FROM `csb_service` WHERE `service_cat_id` = '19'  [ RunTime:0.0002s ]
SQL: SELECT * FROM `csb_service` WHERE `service_cat_id` = '20'  [ RunTime:0.0002s ]
SQL: SELECT * FROM `csb_service` WHERE `service_cat_id` = '21'  [ RunTime:0.0002s ]
SQL: SELECT * FROM `csb_service_cat` WHERE ( 1=1 AND id='21' ) LIMIT 1   [ RunTime:0.0002s ]
SQL: SELECT * FROM `csb_service_cat` WHERE ( 1=1 AND id='21' ) LIMIT 1   [ RunTime:0.0002s ]
SQL: SELECT * FROM `csb_service` WHERE `service_cat_id` = '22'  [ RunTime:0.0002s ]
SQL: SELECT * FROM `csb_service` WHERE `service_cat_id` = '23'  [ RunTime:0.0002s ]
SQL: SELECT * FROM `csb_service` WHERE `service_cat_id` = '24'  [ RunTime:0.0002s ]
SQL: SELECT * FROM `csb_service` WHERE `service_cat_id` = '25'  [ RunTime:0.0002s ]
SQL: SELECT * FROM `csb_service` WHERE `service_cat_id` = '26'  [ RunTime:0.0002s ]
SQL: SELECT * FROM `csb_service` WHERE `service_cat_id` = '27'  [ RunTime:0.0002s ]
SQL: SELECT * FROM `csb_service` WHERE `service_cat_id` = '28'  [ RunTime:0.0002s ]
NOTIC: [8] Undefined index: user_id C:\wamp\www\csbweb\Application\Common\Common\function.php 第 52 行.
INFO: Run Behavior\ParseTemplateBehavior [ RunTime:0.081634s ]
INFO: [ view_parse ] --END-- [ RunTime:0.081753s ]
INFO: [ view_filter ] --START--
INFO: Run Behavior\WriteHtmlCacheBehavior [ RunTime:0.000611s ]
INFO: [ view_filter ] --END-- [ RunTime:0.000726s ]
INFO: [ app_end ] --START--
INFO: Run Behavior\ShowPageTraceBehavior [ RunTime:0.000774s ]
INFO: [ app_end ] --END-- [ RunTime:0.000888s ]

[ 2016-03-24T09:48:08+08:00 ] ::1 /csbweb/Home/Login/login_customer
INFO: [ app_init ] --START--
INFO: Run Behavior\BuildLiteBehavior [ RunTime:0.000026s ]
INFO: [ app_init ] --END-- [ RunTime:0.000524s ]
INFO: [ app_begin ] --START--
INFO: Run Behavior\ReadHtmlCacheBehavior [ RunTime:0.000720s ]
INFO: [ app_begin ] --END-- [ RunTime:0.000821s ]
SQL: SHOW COLUMNS FROM `csb_user` [ RunTime:0.0082s ]
SQL: SHOW COLUMNS FROM `csb_user` [ RunTime:0.0060s ]
SQL: SELECT * FROM `csb_user` WHERE `account` = '13890901407' AND `status` > 0 LIMIT 1   [ RunTime:0.0004s ]

[ 2016-03-24T11:22:49+08:00 ] ::1 /csbweb/Home/Login/login_customer
INFO: [ app_begin ] --START--
INFO: Run Behavior\ReadHtmlCacheBehavior [ RunTime:0.000740s ]
INFO: [ app_begin ] --END-- [ RunTime:0.001167s ]
SQL: SHOW COLUMNS FROM `csb_user` [ RunTime:0.0075s ]
SQL: SHOW COLUMNS FROM `csb_user` [ RunTime:0.0071s ]
SQL: SELECT * FROM `csb_user` WHERE `account` = '13890901407' AND `status` > 0 LIMIT 1   [ RunTime:0.0004s ]

[ 2016-03-24T11:52:18+08:00 ] ::1 /csbweb/Home/Login/login_customer
INFO: [ app_begin ] --START--
INFO: Run Behavior\ReadHtmlCacheBehavior [ RunTime:0.000745s ]
INFO: [ app_begin ] --END-- [ RunTime:0.001209s ]
SQL: SHOW COLUMNS FROM `csb_user` [ RunTime:0.0080s ]
SQL: SHOW COLUMNS FROM `csb_user` [ RunTime:0.0057s ]
SQL: SELECT * FROM `csb_user` WHERE `account` = '13890901407' AND `status` > 0 LIMIT 1   [ RunTime:0.0005s ]

[ 2016-03-24T12:09:49+08:00 ] ::1 /csbweb/Home/Login/login_customer
INFO: [ app_begin ] --START--
INFO: Run Behavior\ReadHtmlCacheBehavior [ RunTime:0.000747s ]
INFO: [ app_begin ] --END-- [ RunTime:0.001185s ]
SQL: SHOW COLUMNS FROM `csb_user` [ RunTime:0.0086s ]
SQL: SHOW COLUMNS FROM `csb_user` [ RunTime:0.0054s ]
SQL: SELECT * FROM `csb_user` WHERE `account` = '13890901407' AND `status` > 0 LIMIT 1   [ RunTime:0.0004s ]

[ 2016-03-24T15:11:19+08:00 ] ::1 /csbweb/Home/Login/login_customer
INFO: [ app_begin ] --START--
INFO: Run Behavior\ReadHtmlCacheBehavior [ RunTime:0.000567s ]
INFO: [ app_begin ] --END-- [ RunTime:0.000971s ]
SQL: SHOW COLUMNS FROM `csb_user` [ RunTime:0.0076s ]
SQL: SHOW COLUMNS FROM `csb_user` [ RunTime:0.0055s ]
SQL: SELECT * FROM `csb_user` WHERE `account` = '13890901407' AND `status` > 0 LIMIT 1   [ RunTime:0.0005s ]

[ 2016-03-24T16:59:26+08:00 ] ::1 /csbweb/Home/Login/login_customer
INFO: [ app_begin ] --START--
INFO: Run Behavior\ReadHtmlCacheBehavior [ RunTime:0.000744s ]
INFO: [ app_begin ] --END-- [ RunTime:0.001125s ]
SQL: SHOW COLUMNS FROM `csb_user` [ RunTime:0.0076s ]
SQL: SHOW COLUMNS FROM `csb_user` [ RunTime:0.0075s ]
SQL: SELECT * FROM `csb_user` WHERE `account` = '13890901407' AND `status` > 0 LIMIT 1   [ RunTime:0.0005s ]

