[ 2016-04-06T10:18:13+08:00 ] ::1 /csbweb/
ERR: SQLSTATE[HY000] [1049] Unknown database 'csbweb'

[ 2016-04-06T10:19:55+08:00 ] ::1 /csbweb/Home/Service/cityList?service_id=10&province_id=23
INFO: [ app_begin ] --START--
INFO: Run Behavior\ReadHtmlCacheBehavior [ RunTime:0.000967s ]
INFO: [ app_begin ] --END-- [ RunTime:0.001557s ]
SQL: SHOW COLUMNS FROM `csb_service_district` [ RunTime:0.0068s ]
SQL: SELECT DISTINCT c.id,c.`name`
											FROM
										csb_service_district sd
											LEFT JOIN csb_city c ON c.id=sd.city_id
										WHERE sd.service_id=10 AND sd.province_id=23 [ RunTime:0.0007s ]

[ 2016-04-06T10:19:57+08:00 ] ::1 /csbweb/Home/Service/districtList?service_id=10&city_id=238
INFO: [ app_begin ] --START--
INFO: Run Behavior\ReadHtmlCacheBehavior [ RunTime:0.000933s ]
INFO: [ app_begin ] --END-- [ RunTime:0.001476s ]
SQL: SHOW COLUMNS FROM `csb_service_district` [ RunTime:0.0076s ]
SQL: SELECT d.id,d.`name`
											FROM
										csb_service_district sd
											LEFT JOIN csb_district d ON d.id=sd.district_id
										WHERE sd.service_id=10 AND sd.city_id=238 [ RunTime:0.0004s ]

[ 2016-04-06T10:19:59+08:00 ] ::1 /csbweb/Home/Service/districtList?service_id=10&city_id=238
INFO: [ app_begin ] --START--
INFO: Run Behavior\ReadHtmlCacheBehavior [ RunTime:0.000973s ]
INFO: [ app_begin ] --END-- [ RunTime:0.001675s ]
SQL: SHOW COLUMNS FROM `csb_service_district` [ RunTime:0.0056s ]
SQL: SELECT d.id,d.`name`
											FROM
										csb_service_district sd
											LEFT JOIN csb_district d ON d.id=sd.district_id
										WHERE sd.service_id=10 AND sd.city_id=238 [ RunTime:0.0006s ]

[ 2016-04-06T10:20:22+08:00 ] ::1 /csbweb/Home/Service/districtList?service_id=10&city_id=238
INFO: [ app_begin ] --START--
INFO: Run Behavior\ReadHtmlCacheBehavior [ RunTime:0.000980s ]
INFO: [ app_begin ] --END-- [ RunTime:0.001707s ]
SQL: SHOW COLUMNS FROM `csb_service_district` [ RunTime:0.0058s ]
SQL: SELECT d.id,d.`name`
											FROM
										csb_service_district sd
											LEFT JOIN csb_district d ON d.id=sd.district_id
										WHERE sd.service_id=10 AND sd.city_id=238 [ RunTime:0.0007s ]

[ 2016-04-06T10:21:13+08:00 ] ::1 /csbweb/Home/Login/login_customer
INFO: [ app_begin ] --START--
INFO: Run Behavior\ReadHtmlCacheBehavior [ RunTime:0.000864s ]
INFO: [ app_begin ] --END-- [ RunTime:0.001423s ]
SQL: SHOW COLUMNS FROM `csb_user` [ RunTime:0.0083s ]
SQL: SHOW COLUMNS FROM `csb_user` [ RunTime:0.0053s ]
SQL: SELECT * FROM `csb_user` WHERE `account` = '13890901407' AND `status` > 0 LIMIT 1   [ RunTime:0.0011s ]

[ 2016-04-06T10:22:11+08:00 ] ::1 /csbweb/Home/Cart/delRows
INFO: [ app_begin ] --START--
INFO: Run Behavior\ReadHtmlCacheBehavior [ RunTime:0.000834s ]
INFO: [ app_begin ] --END-- [ RunTime:0.001413s ]
SQL: SHOW COLUMNS FROM `csb_cart` [ RunTime:0.0064s ]
SQL: DELETE FROM `csb_cart` WHERE `business_id` = '10' AND `service_id` = '10' AND `district_id` = '2262' [ RunTime:0.0046s ]

[ 2016-04-06T10:59:16+08:00 ] ::1 /csbweb/Home/Login/login_customer
INFO: [ app_begin ] --START--
INFO: Run Behavior\ReadHtmlCacheBehavior [ RunTime:0.000800s ]
INFO: [ app_begin ] --END-- [ RunTime:0.001310s ]
SQL: SHOW COLUMNS FROM `csb_user` [ RunTime:0.0066s ]
SQL: SHOW COLUMNS FROM `csb_user` [ RunTime:0.0046s ]
SQL: SELECT * FROM `csb_user` WHERE `account` = '13890901407' AND `status` > 0 LIMIT 1   [ RunTime:0.0004s ]

[ 2016-04-06T13:37:48+08:00 ] ::1 /csbweb/Home/Login/login_customer
INFO: [ app_begin ] --START--
INFO: Run Behavior\ReadHtmlCacheBehavior [ RunTime:0.000539s ]
INFO: [ app_begin ] --END-- [ RunTime:0.001072s ]
SQL: SHOW COLUMNS FROM `csb_user` [ RunTime:0.0091s ]
SQL: SHOW COLUMNS FROM `csb_user` [ RunTime:0.0045s ]
SQL: SELECT * FROM `csb_user` WHERE `account` = '13890901407' AND `status` > 0 LIMIT 1   [ RunTime:0.0004s ]

[ 2016-04-06T14:13:27+08:00 ] ::1 /csbweb/Home/Index/service?cat=20
ERR: 1064:You have an error in your SQL syntax; check the manual that corresponds to your MySQL server version for the right syntax to use near '' at line 5
 [ SQL语句 ] : SELECT DISTINCT p.id,p.`name`
										FROM
											csb_service_district sd
										LEFT JOIN csb_province p ON p.id=sd.province_id
    									WHERE sd.service_id=

[ 2016-04-06T16:36:14+08:00 ] ::1 /csbweb/Home/Login/login_customer
INFO: [ app_begin ] --START--
INFO: Run Behavior\ReadHtmlCacheBehavior [ RunTime:0.000635s ]
INFO: [ app_begin ] --END-- [ RunTime:0.001191s ]
SQL: SHOW COLUMNS FROM `csb_user` [ RunTime:0.0074s ]
SQL: SHOW COLUMNS FROM `csb_user` [ RunTime:0.0053s ]
SQL: SELECT * FROM `csb_user` WHERE `account` = '13890901407' AND `status` > 0 LIMIT 1   [ RunTime:0.0006s ]

