[ 2016-03-20T11:46:17+08:00 ] ::1 /csbweb/Home/Index/login_manage
INFO: [ app_init ] --START--
INFO: Run Behavior\BuildLiteBehavior [ RunTime:0.000032s ]
INFO: [ app_init ] --END-- [ RunTime:0.004779s ]
INFO: [ app_begin ] --START--
INFO: Run Behavior\ReadHtmlCacheBehavior [ RunTime:0.004752s ]
INFO: [ app_begin ] --END-- [ RunTime:0.004913s ]
INFO: [ view_parse ] --START--
INFO: [ template_filter ] --START--
INFO: Run Behavior\ContentReplaceBehavior [ RunTime:0.000080s ]
INFO: [ template_filter ] --END-- [ RunTime:0.000202s ]
INFO: Run Behavior\ParseTemplateBehavior [ RunTime:0.043104s ]
INFO: [ view_parse ] --END-- [ RunTime:0.043253s ]
INFO: [ view_filter ] --START--
INFO: Run Behavior\WriteHtmlCacheBehavior [ RunTime:0.002744s ]
INFO: [ view_filter ] --END-- [ RunTime:0.002879s ]
INFO: [ app_end ] --START--
INFO: Run Behavior\ShowPageTraceBehavior [ RunTime:0.003674s ]
INFO: [ app_end ] --END-- [ RunTime:0.003816s ]

[ 2016-03-20T11:46:17+08:00 ] ::1 /csbweb/Home/Login/getVerify/0.9374055048839081
INFO: [ app_init ] --START--
INFO: Run Behavior\BuildLiteBehavior [ RunTime:0.000022s ]
INFO: [ app_init ] --END-- [ RunTime:0.000374s ]
INFO: [ app_begin ] --START--
INFO: Run Behavior\ReadHtmlCacheBehavior [ RunTime:0.000676s ]
INFO: [ app_begin ] --END-- [ RunTime:0.000903s ]
INFO: [ app_end ] --START--
INFO: Run Behavior\ShowPageTraceBehavior [ RunTime:0.000785s ]
INFO: [ app_end ] --END-- [ RunTime:0.000937s ]

[ 2016-03-20T13:52:54+08:00 ] ::1 /csbweb/Home/Index/login
INFO: [ app_init ] --START--
INFO: Run Behavior\BuildLiteBehavior [ RunTime:0.000026s ]
INFO: [ app_init ] --END-- [ RunTime:0.000481s ]
INFO: [ app_begin ] --START--
INFO: Run Behavior\ReadHtmlCacheBehavior [ RunTime:0.004181s ]
INFO: [ app_begin ] --END-- [ RunTime:0.004337s ]
INFO: [ view_parse ] --START--
INFO: [ template_filter ] --START--
INFO: Run Behavior\ContentReplaceBehavior [ RunTime:0.000176s ]
INFO: [ template_filter ] --END-- [ RunTime:0.000321s ]
NOTIC: [8] Undefined index: nickname C:\wamp\www\csbweb\Application\Common\Common\function.php 第 45 行.
SQL: SHOW COLUMNS FROM `csb_service` [ RunTime:0.0120s ]
SQL: SELECT * FROM `csb_service` WHERE `service_cat_id` = '14'  [ RunTime:0.0005s ]
SQL: SHOW COLUMNS FROM `csb_service_cat` [ RunTime:0.0095s ]
SQL: SELECT * FROM `csb_service_cat` WHERE ( 1=1 AND id='14' ) LIMIT 1   [ RunTime:0.0003s ]
SQL: SELECT * FROM `csb_service_cat` WHERE ( 1=1 AND id='14' ) LIMIT 1   [ RunTime:0.0002s ]
SQL: SELECT * FROM `csb_service_cat` WHERE ( 1=1 AND id='14' ) LIMIT 1   [ RunTime:0.0002s ]
SQL: SELECT * FROM `csb_service_cat` WHERE ( 1=1 AND id='14' ) LIMIT 1   [ RunTime:0.0002s ]
SQL: SELECT * FROM `csb_service_cat` WHERE ( 1=1 AND id='14' ) LIMIT 1   [ RunTime:0.0002s ]
SQL: SELECT * FROM `csb_service_cat` WHERE ( 1=1 AND id='14' ) LIMIT 1   [ RunTime:0.0002s ]
SQL: SELECT * FROM `csb_service_cat` WHERE ( 1=1 AND id='14' ) LIMIT 1   [ RunTime:0.0002s ]
SQL: SELECT * FROM `csb_service` WHERE `service_cat_id` = '15'  [ RunTime:0.0004s ]
SQL: SELECT * FROM `csb_service` WHERE `service_cat_id` = '16'  [ RunTime:0.0002s ]
SQL: SELECT * FROM `csb_service` WHERE `service_cat_id` = '17'  [ RunTime:0.0004s ]
SQL: SELECT * FROM `csb_service` WHERE `service_cat_id` = '18'  [ RunTime:0.0004s ]
SQL: SELECT * FROM `csb_service` WHERE `service_cat_id` = '19'  [ RunTime:0.0002s ]
SQL: SELECT * FROM `csb_service` WHERE `service_cat_id` = '20'  [ RunTime:0.0003s ]
SQL: SELECT * FROM `csb_service` WHERE `service_cat_id` = '21'  [ RunTime:0.0003s ]
SQL: SELECT * FROM `csb_service_cat` WHERE ( 1=1 AND id='21' ) LIMIT 1   [ RunTime:0.0002s ]
SQL: SELECT * FROM `csb_service_cat` WHERE ( 1=1 AND id='21' ) LIMIT 1   [ RunTime:0.0003s ]
SQL: SELECT * FROM `csb_service` WHERE `service_cat_id` = '22'  [ RunTime:0.0004s ]
SQL: SELECT * FROM `csb_service` WHERE `service_cat_id` = '23'  [ RunTime:0.0002s ]
SQL: SELECT * FROM `csb_service` WHERE `service_cat_id` = '24'  [ RunTime:0.0002s ]
SQL: SELECT * FROM `csb_service` WHERE `service_cat_id` = '25'  [ RunTime:0.0005s ]
SQL: SELECT * FROM `csb_service` WHERE `service_cat_id` = '26'  [ RunTime:0.0002s ]
SQL: SELECT * FROM `csb_service` WHERE `service_cat_id` = '27'  [ RunTime:0.0002s ]
SQL: SELECT * FROM `csb_service` WHERE `service_cat_id` = '28'  [ RunTime:0.0002s ]
INFO: Run Behavior\ParseTemplateBehavior [ RunTime:0.130408s ]
INFO: [ view_parse ] --END-- [ RunTime:0.130522s ]
INFO: [ view_filter ] --START--
INFO: Run Behavior\WriteHtmlCacheBehavior [ RunTime:0.002344s ]
INFO: [ view_filter ] --END-- [ RunTime:0.002459s ]
INFO: [ app_end ] --START--
INFO: Run Behavior\ShowPageTraceBehavior [ RunTime:0.002597s ]
INFO: [ app_end ] --END-- [ RunTime:0.002716s ]

[ 2016-03-20T13:53:17+08:00 ] ::1 /csbweb/Home/Index/login_manage
INFO: [ app_init ] --START--
INFO: Run Behavior\BuildLiteBehavior [ RunTime:0.000023s ]
INFO: [ app_init ] --END-- [ RunTime:0.000450s ]
INFO: [ app_begin ] --START--
INFO: Run Behavior\ReadHtmlCacheBehavior [ RunTime:0.000782s ]
INFO: [ app_begin ] --END-- [ RunTime:0.000894s ]
INFO: [ view_parse ] --START--
INFO: [ template_filter ] --START--
INFO: Run Behavior\ContentReplaceBehavior [ RunTime:0.000079s ]
INFO: [ template_filter ] --END-- [ RunTime:0.000201s ]
INFO: Run Behavior\ParseTemplateBehavior [ RunTime:0.015245s ]
INFO: [ view_parse ] --END-- [ RunTime:0.015409s ]
INFO: [ view_filter ] --START--
INFO: Run Behavior\WriteHtmlCacheBehavior [ RunTime:0.000592s ]
INFO: [ view_filter ] --END-- [ RunTime:0.000702s ]
INFO: [ app_end ] --START--
INFO: Run Behavior\ShowPageTraceBehavior [ RunTime:0.000944s ]
INFO: [ app_end ] --END-- [ RunTime:0.001061s ]

[ 2016-03-20T13:53:17+08:00 ] ::1 /csbweb/Home/Login/getVerify/0.8582741866391108
INFO: [ app_init ] --START--
INFO: Run Behavior\BuildLiteBehavior [ RunTime:0.000023s ]
INFO: [ app_init ] --END-- [ RunTime:0.000441s ]
INFO: [ app_begin ] --START--
INFO: Run Behavior\ReadHtmlCacheBehavior [ RunTime:0.000802s ]
INFO: [ app_begin ] --END-- [ RunTime:0.000934s ]
INFO: [ app_end ] --START--
INFO: Run Behavior\ShowPageTraceBehavior [ RunTime:0.000867s ]
INFO: [ app_end ] --END-- [ RunTime:0.001018s ]

[ 2016-03-20T15:14:04+08:00 ] ::1 /csbweb/Home/Index/login_manage
INFO: [ app_init ] --START--
INFO: Run Behavior\BuildLiteBehavior [ RunTime:0.000026s ]
INFO: [ app_init ] --END-- [ RunTime:0.000476s ]
INFO: [ app_begin ] --START--
INFO: Run Behavior\ReadHtmlCacheBehavior [ RunTime:0.000835s ]
INFO: [ app_begin ] --END-- [ RunTime:0.000954s ]
INFO: [ view_parse ] --START--
INFO: [ template_filter ] --START--
INFO: Run Behavior\ContentReplaceBehavior [ RunTime:0.000077s ]
INFO: [ template_filter ] --END-- [ RunTime:0.000200s ]
INFO: Run Behavior\ParseTemplateBehavior [ RunTime:0.012555s ]
INFO: [ view_parse ] --END-- [ RunTime:0.012684s ]
INFO: [ view_filter ] --START--
INFO: Run Behavior\WriteHtmlCacheBehavior [ RunTime:0.000522s ]
INFO: [ view_filter ] --END-- [ RunTime:0.000626s ]
INFO: [ app_end ] --START--
INFO: Run Behavior\ShowPageTraceBehavior [ RunTime:0.001301s ]
INFO: [ app_end ] --END-- [ RunTime:0.001512s ]

[ 2016-03-20T15:14:04+08:00 ] ::1 /csbweb/Home/Login/getVerify/0.7668893865670807
INFO: [ app_init ] --START--
INFO: Run Behavior\BuildLiteBehavior [ RunTime:0.000025s ]
INFO: [ app_init ] --END-- [ RunTime:0.000483s ]
INFO: [ app_begin ] --START--
INFO: Run Behavior\ReadHtmlCacheBehavior [ RunTime:0.000812s ]
INFO: [ app_begin ] --END-- [ RunTime:0.000933s ]
INFO: [ app_end ] --START--
INFO: Run Behavior\ShowPageTraceBehavior [ RunTime:0.000878s ]
INFO: [ app_end ] --END-- [ RunTime:0.001031s ]

