[ 2017-01-23T23:47:30+08:00 ] ::1 /ytqmanager/Admin/Order/pageList?page=1&rows=30&sort=id&order=desc
INFO: [ app_begin ] --START--
INFO: Run Behavior\ReadHtmlCacheBehavior [ RunTime:0.000882s ]
INFO: [ app_begin ] --END-- [ RunTime:0.001734s ]
SQL: select node.id,node.name from bbb_role as role,bbb_role_user as user,bbb_access as access ,bbb_node as node where user.user_id='1' and user.role_id=role.id and ( access.role_id=role.id  or (access.role_id=role.pid and role.pid!=0 ) ) and role.status=1 and access.node_id=node.id and node.level=1 and node.status=1 [ RunTime:0.0005s ]
SQL: select node.id,node.name from bbb_role as role,bbb_role_user as user,bbb_access as access ,bbb_node as node where user.user_id='1' and user.role_id=role.id and ( access.role_id=role.id  or (access.role_id=role.pid and role.pid!=0 ) ) and role.status=1 and access.node_id=node.id and node.level=2 and node.pid=1 and node.status=1 [ RunTime:0.0006s ]
SQL: select node.id,node.name from bbb_role as role,bbb_role_user as user,bbb_access as access ,bbb_node as node where user.user_id='1' and user.role_id=role.id and ( access.role_id=role.id  or (access.role_id=role.pid and role.pid!=0 ) ) and role.status=1 and access.node_id=node.id and node.level=3 and node.pid=2 and node.status=1 [ RunTime:0.0006s ]
SQL: select node.id,node.name from bbb_role as role,bbb_role_user as user,bbb_access as access ,bbb_node as node where user.user_id='1' and user.role_id=role.id and ( access.role_id=role.id  or (access.role_id=role.pid and role.pid!=0 ) ) and role.status=1 and access.node_id=node.id and node.level=3 and node.pid=9 and node.status=1 [ RunTime:0.0004s ]
SQL: select node.id,node.name from bbb_role as role,bbb_role_user as user,bbb_access as access ,bbb_node as node where user.user_id='1' and user.role_id=role.id and ( access.role_id=role.id  or (access.role_id=role.pid and role.pid!=0 ) ) and role.status=1 and access.node_id=node.id and node.level=3 and node.pid=10 and node.status=1 [ RunTime:0.0004s ]
SQL: select node.id,node.name from bbb_role as role,bbb_role_user as user,bbb_access as access ,bbb_node as node where user.user_id='1' and user.role_id=role.id and ( access.role_id=role.id  or (access.role_id=role.pid and role.pid!=0 ) ) and role.status=1 and access.node_id=node.id and node.level=3 and node.pid=22 and node.status=1 [ RunTime:0.0004s ]
SQL: select node.id,node.name from bbb_role as role,bbb_role_user as user,bbb_access as access ,bbb_node as node where user.user_id='1' and user.role_id=role.id and ( access.role_id=role.id  or (access.role_id=role.pid and role.pid!=0 ) ) and role.status=1 and access.node_id=node.id and node.level=3 and node.pid=27 and node.status=1 [ RunTime:0.0004s ]
SQL: select node.id,node.name from bbb_role as role,bbb_role_user as user,bbb_access as access ,bbb_node as node where user.user_id='1' and user.role_id=role.id and ( access.role_id=role.id  or (access.role_id=role.pid and role.pid!=0 ) ) and role.status=1 and access.node_id=node.id and node.level=3 and node.pid=40 and node.status=1 [ RunTime:0.0004s ]
SQL: select node.id,node.name from bbb_role as role,bbb_role_user as user,bbb_access as access ,bbb_node as node where user.user_id='1' and user.role_id=role.id and ( access.role_id=role.id  or (access.role_id=role.pid and role.pid!=0 ) ) and role.status=1 and access.node_id=node.id and node.level=3 and node.pid=44 and node.status=1 [ RunTime:0.0004s ]
SQL: select node.id,node.name from bbb_role as role,bbb_role_user as user,bbb_access as access ,bbb_node as node where user.user_id='1' and user.role_id=role.id and ( access.role_id=role.id  or (access.role_id=role.pid and role.pid!=0 ) ) and role.status=1 and access.node_id=node.id and node.level=3 and node.pid=54 and node.status=1 [ RunTime:0.0004s ]
SQL: select node.id,node.name from bbb_role as role,bbb_role_user as user,bbb_access as access ,bbb_node as node where user.user_id='1' and user.role_id=role.id and ( access.role_id=role.id  or (access.role_id=role.pid and role.pid!=0 ) ) and role.status=1 and access.node_id=node.id and node.level=3 and node.pid=60 and node.status=1 [ RunTime:0.0003s ]
SQL: select node.id,node.name from bbb_role as role,bbb_role_user as user,bbb_access as access ,bbb_node as node where user.user_id='1' and user.role_id=role.id and ( access.role_id=role.id  or (access.role_id=role.pid and role.pid!=0 ) ) and role.status=1 and access.node_id=node.id and node.level=3 and node.pid=61 and node.status=1 [ RunTime:0.0003s ]
SQL: select node.id,node.name from bbb_role as role,bbb_role_user as user,bbb_access as access ,bbb_node as node where user.user_id='1' and user.role_id=role.id and ( access.role_id=role.id  or (access.role_id=role.pid and role.pid!=0 ) ) and role.status=1 and access.node_id=node.id and node.level=3 and node.pid=73 and node.status=1 [ RunTime:0.0003s ]
SQL: select node.id,node.name from bbb_role as role,bbb_role_user as user,bbb_access as access ,bbb_node as node where user.user_id='1' and user.role_id=role.id and ( access.role_id=role.id  or (access.role_id=role.pid and role.pid!=0 ) ) and role.status=1 and access.node_id=node.id and node.level=3 and node.pid=149 and node.status=1 [ RunTime:0.0003s ]
SQL: select node.id,node.name from bbb_role as role,bbb_role_user as user,bbb_access as access ,bbb_node as node where user.user_id='1' and user.role_id=role.id and ( access.role_id=role.id  or (access.role_id=role.pid and role.pid!=0 ) ) and role.status=1 and access.node_id=node.id and node.level=3 and node.pid=154 and node.status=1 [ RunTime:0.0003s ]
SQL: select node.id,node.name from bbb_role as role,bbb_role_user as user,bbb_access as access ,bbb_node as node where user.user_id='1' and user.role_id=role.id and ( access.role_id=role.id  or (access.role_id=role.pid and role.pid!=0 ) ) and role.status=1 and access.node_id=node.id and node.level=3 and node.pid=162 and node.status=1 [ RunTime:0.0003s ]
SQL: select node.id,node.name from bbb_role as role,bbb_role_user as user,bbb_access as access ,bbb_node as node where user.user_id='1' and user.role_id=role.id and ( access.role_id=role.id  or (access.role_id=role.pid and role.pid!=0 ) ) and role.status=1 and access.node_id=node.id and node.level=3 and node.pid=166 and node.status=1 [ RunTime:0.0003s ]
SQL: select node.id,node.name from bbb_role as role,bbb_role_user as user,bbb_access as access ,bbb_node as node where user.user_id='1' and user.role_id=role.id and ( access.role_id=role.id  or (access.role_id=role.pid and role.pid!=0 ) ) and role.status=1 and access.node_id=node.id and node.level=3 and node.pid=171 and node.status=1 [ RunTime:0.0004s ]
SQL: select node.id,node.name from bbb_role as role,bbb_role_user as user,bbb_access as access ,bbb_node as node where user.user_id='1' and user.role_id=role.id and ( access.role_id=role.id  or (access.role_id=role.pid and role.pid!=0 ) ) and role.status=1 and access.node_id=node.id and node.level=3 and node.pid=176 and node.status=1 [ RunTime:0.0004s ]
SQL: select node.id,node.name from bbb_role as role,bbb_role_user as user,bbb_access as access ,bbb_node as node where user.user_id='1' and user.role_id=role.id and ( access.role_id=role.id  or (access.role_id=role.pid and role.pid!=0 ) ) and role.status=1 and access.node_id=node.id and node.level=3 and node.pid=182 and node.status=1 [ RunTime:0.0004s ]
SQL: select node.id,node.name from bbb_role as role,bbb_role_user as user,bbb_access as access ,bbb_node as node where user.user_id='1' and user.role_id=role.id and ( access.role_id=role.id  or (access.role_id=role.pid and role.pid!=0 ) ) and role.status=1 and access.node_id=node.id and node.level=3 and node.pid=189 and node.status=1 [ RunTime:0.0004s ]
SQL: SHOW COLUMNS FROM `bbb_order` [ RunTime:0.0142s ]
SQL: SELECT DISTINCT  o.id,o.start_time,o.end_time,o.record_time,o.number,o.name,o.mobile,o.route_id,o.provider_id,o.sale_price,o.purchase_price,o.pay_price,o.platform_id,o.create_user,o.create_time,o.update_user,o.update_time,o.account_status,o.profit_price,o.order_num,o.remark,o.order_status,o.shuadan_price,o.refund_status,o.refund_customer_price,o.refund_provider_price,p.name as platform_name,p.store_name as store_name,p.tax as tax,pvd.name as provider_name,r.name as route_name FROM bbb_order o LEFT JOIN bbb_platform p ON p.id = o.platform_id LEFT JOIN bbb_provider pvd  ON pvd.id = o.provider_id LEFT JOIN bbb_route r ON r.id = o.route_id  WHERE `is_delete` <> 1 ORDER BY id desc LIMIT 0,30   [ RunTime:0.0012s ]
SQL: SHOW COLUMNS FROM `bbb_user` [ RunTime:0.0084s ]
SQL: SELECT * FROM `bbb_user` WHERE ( 1=1 AND id='1' ) LIMIT 1   [ RunTime:0.0004s ]
SQL: SELECT * FROM `bbb_user` WHERE ( 1=1 AND id='1' ) LIMIT 1   [ RunTime:0.0005s ]
SQL: SELECT * FROM `bbb_user` WHERE ( 1=1 AND id='1' ) LIMIT 1   [ RunTime:0.0003s ]
SQL: SELECT * FROM `bbb_user` WHERE ( 1=1 AND id='1' ) LIMIT 1   [ RunTime:0.0003s ]
SQL: SELECT COUNT(*) AS tp_count FROM `bbb_order` WHERE `is_delete` <> 1 LIMIT 1   [ RunTime:0.0002s ]

[ 2017-01-23T23:47:31+08:00 ] ::1 /ytqmanager/Admin/Order/pageList?page=1&rows=30&sort=id&order=desc
INFO: [ app_begin ] --START--
INFO: Run Behavior\ReadHtmlCacheBehavior [ RunTime:0.001747s ]
INFO: [ app_begin ] --END-- [ RunTime:0.002825s ]
SQL: select node.id,node.name from bbb_role as role,bbb_role_user as user,bbb_access as access ,bbb_node as node where user.user_id='1' and user.role_id=role.id and ( access.role_id=role.id  or (access.role_id=role.pid and role.pid!=0 ) ) and role.status=1 and access.node_id=node.id and node.level=1 and node.status=1 [ RunTime:0.0006s ]
SQL: select node.id,node.name from bbb_role as role,bbb_role_user as user,bbb_access as access ,bbb_node as node where user.user_id='1' and user.role_id=role.id and ( access.role_id=role.id  or (access.role_id=role.pid and role.pid!=0 ) ) and role.status=1 and access.node_id=node.id and node.level=2 and node.pid=1 and node.status=1 [ RunTime:0.0007s ]
SQL: select node.id,node.name from bbb_role as role,bbb_role_user as user,bbb_access as access ,bbb_node as node where user.user_id='1' and user.role_id=role.id and ( access.role_id=role.id  or (access.role_id=role.pid and role.pid!=0 ) ) and role.status=1 and access.node_id=node.id and node.level=3 and node.pid=2 and node.status=1 [ RunTime:0.0004s ]
SQL: select node.id,node.name from bbb_role as role,bbb_role_user as user,bbb_access as access ,bbb_node as node where user.user_id='1' and user.role_id=role.id and ( access.role_id=role.id  or (access.role_id=role.pid and role.pid!=0 ) ) and role.status=1 and access.node_id=node.id and node.level=3 and node.pid=9 and node.status=1 [ RunTime:0.0004s ]
SQL: select node.id,node.name from bbb_role as role,bbb_role_user as user,bbb_access as access ,bbb_node as node where user.user_id='1' and user.role_id=role.id and ( access.role_id=role.id  or (access.role_id=role.pid and role.pid!=0 ) ) and role.status=1 and access.node_id=node.id and node.level=3 and node.pid=10 and node.status=1 [ RunTime:0.0006s ]
SQL: select node.id,node.name from bbb_role as role,bbb_role_user as user,bbb_access as access ,bbb_node as node where user.user_id='1' and user.role_id=role.id and ( access.role_id=role.id  or (access.role_id=role.pid and role.pid!=0 ) ) and role.status=1 and access.node_id=node.id and node.level=3 and node.pid=22 and node.status=1 [ RunTime:0.0005s ]
SQL: select node.id,node.name from bbb_role as role,bbb_role_user as user,bbb_access as access ,bbb_node as node where user.user_id='1' and user.role_id=role.id and ( access.role_id=role.id  or (access.role_id=role.pid and role.pid!=0 ) ) and role.status=1 and access.node_id=node.id and node.level=3 and node.pid=27 and node.status=1 [ RunTime:0.0004s ]
SQL: select node.id,node.name from bbb_role as role,bbb_role_user as user,bbb_access as access ,bbb_node as node where user.user_id='1' and user.role_id=role.id and ( access.role_id=role.id  or (access.role_id=role.pid and role.pid!=0 ) ) and role.status=1 and access.node_id=node.id and node.level=3 and node.pid=40 and node.status=1 [ RunTime:0.0004s ]
SQL: select node.id,node.name from bbb_role as role,bbb_role_user as user,bbb_access as access ,bbb_node as node where user.user_id='1' and user.role_id=role.id and ( access.role_id=role.id  or (access.role_id=role.pid and role.pid!=0 ) ) and role.status=1 and access.node_id=node.id and node.level=3 and node.pid=44 and node.status=1 [ RunTime:0.0004s ]
SQL: select node.id,node.name from bbb_role as role,bbb_role_user as user,bbb_access as access ,bbb_node as node where user.user_id='1' and user.role_id=role.id and ( access.role_id=role.id  or (access.role_id=role.pid and role.pid!=0 ) ) and role.status=1 and access.node_id=node.id and node.level=3 and node.pid=54 and node.status=1 [ RunTime:0.0004s ]
SQL: select node.id,node.name from bbb_role as role,bbb_role_user as user,bbb_access as access ,bbb_node as node where user.user_id='1' and user.role_id=role.id and ( access.role_id=role.id  or (access.role_id=role.pid and role.pid!=0 ) ) and role.status=1 and access.node_id=node.id and node.level=3 and node.pid=60 and node.status=1 [ RunTime:0.0004s ]
SQL: select node.id,node.name from bbb_role as role,bbb_role_user as user,bbb_access as access ,bbb_node as node where user.user_id='1' and user.role_id=role.id and ( access.role_id=role.id  or (access.role_id=role.pid and role.pid!=0 ) ) and role.status=1 and access.node_id=node.id and node.level=3 and node.pid=61 and node.status=1 [ RunTime:0.0004s ]
SQL: select node.id,node.name from bbb_role as role,bbb_role_user as user,bbb_access as access ,bbb_node as node where user.user_id='1' and user.role_id=role.id and ( access.role_id=role.id  or (access.role_id=role.pid and role.pid!=0 ) ) and role.status=1 and access.node_id=node.id and node.level=3 and node.pid=73 and node.status=1 [ RunTime:0.0004s ]
SQL: select node.id,node.name from bbb_role as role,bbb_role_user as user,bbb_access as access ,bbb_node as node where user.user_id='1' and user.role_id=role.id and ( access.role_id=role.id  or (access.role_id=role.pid and role.pid!=0 ) ) and role.status=1 and access.node_id=node.id and node.level=3 and node.pid=149 and node.status=1 [ RunTime:0.0004s ]
SQL: select node.id,node.name from bbb_role as role,bbb_role_user as user,bbb_access as access ,bbb_node as node where user.user_id='1' and user.role_id=role.id and ( access.role_id=role.id  or (access.role_id=role.pid and role.pid!=0 ) ) and role.status=1 and access.node_id=node.id and node.level=3 and node.pid=154 and node.status=1 [ RunTime:0.0004s ]
SQL: select node.id,node.name from bbb_role as role,bbb_role_user as user,bbb_access as access ,bbb_node as node where user.user_id='1' and user.role_id=role.id and ( access.role_id=role.id  or (access.role_id=role.pid and role.pid!=0 ) ) and role.status=1 and access.node_id=node.id and node.level=3 and node.pid=162 and node.status=1 [ RunTime:0.0004s ]
SQL: select node.id,node.name from bbb_role as role,bbb_role_user as user,bbb_access as access ,bbb_node as node where user.user_id='1' and user.role_id=role.id and ( access.role_id=role.id  or (access.role_id=role.pid and role.pid!=0 ) ) and role.status=1 and access.node_id=node.id and node.level=3 and node.pid=166 and node.status=1 [ RunTime:0.0004s ]
SQL: select node.id,node.name from bbb_role as role,bbb_role_user as user,bbb_access as access ,bbb_node as node where user.user_id='1' and user.role_id=role.id and ( access.role_id=role.id  or (access.role_id=role.pid and role.pid!=0 ) ) and role.status=1 and access.node_id=node.id and node.level=3 and node.pid=171 and node.status=1 [ RunTime:0.0004s ]
SQL: select node.id,node.name from bbb_role as role,bbb_role_user as user,bbb_access as access ,bbb_node as node where user.user_id='1' and user.role_id=role.id and ( access.role_id=role.id  or (access.role_id=role.pid and role.pid!=0 ) ) and role.status=1 and access.node_id=node.id and node.level=3 and node.pid=176 and node.status=1 [ RunTime:0.0004s ]
SQL: select node.id,node.name from bbb_role as role,bbb_role_user as user,bbb_access as access ,bbb_node as node where user.user_id='1' and user.role_id=role.id and ( access.role_id=role.id  or (access.role_id=role.pid and role.pid!=0 ) ) and role.status=1 and access.node_id=node.id and node.level=3 and node.pid=182 and node.status=1 [ RunTime:0.0005s ]
SQL: select node.id,node.name from bbb_role as role,bbb_role_user as user,bbb_access as access ,bbb_node as node where user.user_id='1' and user.role_id=role.id and ( access.role_id=role.id  or (access.role_id=role.pid and role.pid!=0 ) ) and role.status=1 and access.node_id=node.id and node.level=3 and node.pid=189 and node.status=1 [ RunTime:0.0006s ]
SQL: SHOW COLUMNS FROM `bbb_order` [ RunTime:0.0099s ]
SQL: SELECT DISTINCT  o.id,o.start_time,o.end_time,o.record_time,o.number,o.name,o.mobile,o.route_id,o.provider_id,o.sale_price,o.purchase_price,o.pay_price,o.platform_id,o.create_user,o.create_time,o.update_user,o.update_time,o.account_status,o.profit_price,o.order_num,o.remark,o.order_status,o.shuadan_price,o.refund_status,o.refund_customer_price,o.refund_provider_price,p.name as platform_name,p.store_name as store_name,p.tax as tax,pvd.name as provider_name,r.name as route_name FROM bbb_order o LEFT JOIN bbb_platform p ON p.id = o.platform_id LEFT JOIN bbb_provider pvd  ON pvd.id = o.provider_id LEFT JOIN bbb_route r ON r.id = o.route_id  WHERE `is_delete` <> 1 ORDER BY id desc LIMIT 0,30   [ RunTime:0.0012s ]
SQL: SHOW COLUMNS FROM `bbb_user` [ RunTime:0.0083s ]
SQL: SELECT * FROM `bbb_user` WHERE ( 1=1 AND id='1' ) LIMIT 1   [ RunTime:0.0004s ]
SQL: SELECT * FROM `bbb_user` WHERE ( 1=1 AND id='1' ) LIMIT 1   [ RunTime:0.0003s ]
SQL: SELECT * FROM `bbb_user` WHERE ( 1=1 AND id='1' ) LIMIT 1   [ RunTime:0.0003s ]
SQL: SELECT * FROM `bbb_user` WHERE ( 1=1 AND id='1' ) LIMIT 1   [ RunTime:0.0003s ]
SQL: SELECT COUNT(*) AS tp_count FROM `bbb_order` WHERE `is_delete` <> 1 LIMIT 1   [ RunTime:0.0002s ]

[ 2017-01-23T23:47:32+08:00 ] ::1 /ytqmanager/Admin/Order/pageList?page=1&rows=30&sort=id&order=desc
INFO: [ app_begin ] --START--
INFO: Run Behavior\ReadHtmlCacheBehavior [ RunTime:0.000958s ]
INFO: [ app_begin ] --END-- [ RunTime:0.001824s ]
SQL: select node.id,node.name from bbb_role as role,bbb_role_user as user,bbb_access as access ,bbb_node as node where user.user_id='1' and user.role_id=role.id and ( access.role_id=role.id  or (access.role_id=role.pid and role.pid!=0 ) ) and role.status=1 and access.node_id=node.id and node.level=1 and node.status=1 [ RunTime:0.0006s ]
SQL: select node.id,node.name from bbb_role as role,bbb_role_user as user,bbb_access as access ,bbb_node as node where user.user_id='1' and user.role_id=role.id and ( access.role_id=role.id  or (access.role_id=role.pid and role.pid!=0 ) ) and role.status=1 and access.node_id=node.id and node.level=2 and node.pid=1 and node.status=1 [ RunTime:0.0007s ]
SQL: select node.id,node.name from bbb_role as role,bbb_role_user as user,bbb_access as access ,bbb_node as node where user.user_id='1' and user.role_id=role.id and ( access.role_id=role.id  or (access.role_id=role.pid and role.pid!=0 ) ) and role.status=1 and access.node_id=node.id and node.level=3 and node.pid=2 and node.status=1 [ RunTime:0.0004s ]
SQL: select node.id,node.name from bbb_role as role,bbb_role_user as user,bbb_access as access ,bbb_node as node where user.user_id='1' and user.role_id=role.id and ( access.role_id=role.id  or (access.role_id=role.pid and role.pid!=0 ) ) and role.status=1 and access.node_id=node.id and node.level=3 and node.pid=9 and node.status=1 [ RunTime:0.0004s ]
SQL: select node.id,node.name from bbb_role as role,bbb_role_user as user,bbb_access as access ,bbb_node as node where user.user_id='1' and user.role_id=role.id and ( access.role_id=role.id  or (access.role_id=role.pid and role.pid!=0 ) ) and role.status=1 and access.node_id=node.id and node.level=3 and node.pid=10 and node.status=1 [ RunTime:0.0004s ]
SQL: select node.id,node.name from bbb_role as role,bbb_role_user as user,bbb_access as access ,bbb_node as node where user.user_id='1' and user.role_id=role.id and ( access.role_id=role.id  or (access.role_id=role.pid and role.pid!=0 ) ) and role.status=1 and access.node_id=node.id and node.level=3 and node.pid=22 and node.status=1 [ RunTime:0.0004s ]
SQL: select node.id,node.name from bbb_role as role,bbb_role_user as user,bbb_access as access ,bbb_node as node where user.user_id='1' and user.role_id=role.id and ( access.role_id=role.id  or (access.role_id=role.pid and role.pid!=0 ) ) and role.status=1 and access.node_id=node.id and node.level=3 and node.pid=27 and node.status=1 [ RunTime:0.0006s ]
SQL: select node.id,node.name from bbb_role as role,bbb_role_user as user,bbb_access as access ,bbb_node as node where user.user_id='1' and user.role_id=role.id and ( access.role_id=role.id  or (access.role_id=role.pid and role.pid!=0 ) ) and role.status=1 and access.node_id=node.id and node.level=3 and node.pid=40 and node.status=1 [ RunTime:0.0004s ]
SQL: select node.id,node.name from bbb_role as role,bbb_role_user as user,bbb_access as access ,bbb_node as node where user.user_id='1' and user.role_id=role.id and ( access.role_id=role.id  or (access.role_id=role.pid and role.pid!=0 ) ) and role.status=1 and access.node_id=node.id and node.level=3 and node.pid=44 and node.status=1 [ RunTime:0.0005s ]
SQL: select node.id,node.name from bbb_role as role,bbb_role_user as user,bbb_access as access ,bbb_node as node where user.user_id='1' and user.role_id=role.id and ( access.role_id=role.id  or (access.role_id=role.pid and role.pid!=0 ) ) and role.status=1 and access.node_id=node.id and node.level=3 and node.pid=54 and node.status=1 [ RunTime:0.0005s ]
SQL: select node.id,node.name from bbb_role as role,bbb_role_user as user,bbb_access as access ,bbb_node as node where user.user_id='1' and user.role_id=role.id and ( access.role_id=role.id  or (access.role_id=role.pid and role.pid!=0 ) ) and role.status=1 and access.node_id=node.id and node.level=3 and node.pid=60 and node.status=1 [ RunTime:0.0005s ]
SQL: select node.id,node.name from bbb_role as role,bbb_role_user as user,bbb_access as access ,bbb_node as node where user.user_id='1' and user.role_id=role.id and ( access.role_id=role.id  or (access.role_id=role.pid and role.pid!=0 ) ) and role.status=1 and access.node_id=node.id and node.level=3 and node.pid=61 and node.status=1 [ RunTime:0.0006s ]
SQL: select node.id,node.name from bbb_role as role,bbb_role_user as user,bbb_access as access ,bbb_node as node where user.user_id='1' and user.role_id=role.id and ( access.role_id=role.id  or (access.role_id=role.pid and role.pid!=0 ) ) and role.status=1 and access.node_id=node.id and node.level=3 and node.pid=73 and node.status=1 [ RunTime:0.0005s ]
SQL: select node.id,node.name from bbb_role as role,bbb_role_user as user,bbb_access as access ,bbb_node as node where user.user_id='1' and user.role_id=role.id and ( access.role_id=role.id  or (access.role_id=role.pid and role.pid!=0 ) ) and role.status=1 and access.node_id=node.id and node.level=3 and node.pid=149 and node.status=1 [ RunTime:0.0005s ]
SQL: select node.id,node.name from bbb_role as role,bbb_role_user as user,bbb_access as access ,bbb_node as node where user.user_id='1' and user.role_id=role.id and ( access.role_id=role.id  or (access.role_id=role.pid and role.pid!=0 ) ) and role.status=1 and access.node_id=node.id and node.level=3 and node.pid=154 and node.status=1 [ RunTime:0.0004s ]
SQL: select node.id,node.name from bbb_role as role,bbb_role_user as user,bbb_access as access ,bbb_node as node where user.user_id='1' and user.role_id=role.id and ( access.role_id=role.id  or (access.role_id=role.pid and role.pid!=0 ) ) and role.status=1 and access.node_id=node.id and node.level=3 and node.pid=162 and node.status=1 [ RunTime:0.0004s ]
SQL: select node.id,node.name from bbb_role as role,bbb_role_user as user,bbb_access as access ,bbb_node as node where user.user_id='1' and user.role_id=role.id and ( access.role_id=role.id  or (access.role_id=role.pid and role.pid!=0 ) ) and role.status=1 and access.node_id=node.id and node.level=3 and node.pid=166 and node.status=1 [ RunTime:0.0004s ]
SQL: select node.id,node.name from bbb_role as role,bbb_role_user as user,bbb_access as access ,bbb_node as node where user.user_id='1' and user.role_id=role.id and ( access.role_id=role.id  or (access.role_id=role.pid and role.pid!=0 ) ) and role.status=1 and access.node_id=node.id and node.level=3 and node.pid=171 and node.status=1 [ RunTime:0.0003s ]
SQL: select node.id,node.name from bbb_role as role,bbb_role_user as user,bbb_access as access ,bbb_node as node where user.user_id='1' and user.role_id=role.id and ( access.role_id=role.id  or (access.role_id=role.pid and role.pid!=0 ) ) and role.status=1 and access.node_id=node.id and node.level=3 and node.pid=176 and node.status=1 [ RunTime:0.0005s ]
SQL: select node.id,node.name from bbb_role as role,bbb_role_user as user,bbb_access as access ,bbb_node as node where user.user_id='1' and user.role_id=role.id and ( access.role_id=role.id  or (access.role_id=role.pid and role.pid!=0 ) ) and role.status=1 and access.node_id=node.id and node.level=3 and node.pid=182 and node.status=1 [ RunTime:0.0005s ]
SQL: select node.id,node.name from bbb_role as role,bbb_role_user as user,bbb_access as access ,bbb_node as node where user.user_id='1' and user.role_id=role.id and ( access.role_id=role.id  or (access.role_id=role.pid and role.pid!=0 ) ) and role.status=1 and access.node_id=node.id and node.level=3 and node.pid=189 and node.status=1 [ RunTime:0.0004s ]
SQL: SHOW COLUMNS FROM `bbb_order` [ RunTime:0.0110s ]
SQL: SELECT DISTINCT  o.id,o.start_time,o.end_time,o.record_time,o.number,o.name,o.mobile,o.route_id,o.provider_id,o.sale_price,o.purchase_price,o.pay_price,o.platform_id,o.create_user,o.create_time,o.update_user,o.update_time,o.account_status,o.profit_price,o.order_num,o.remark,o.order_status,o.shuadan_price,o.refund_status,o.refund_customer_price,o.refund_provider_price,p.name as platform_name,p.store_name as store_name,p.tax as tax,pvd.name as provider_name,r.name as route_name FROM bbb_order o LEFT JOIN bbb_platform p ON p.id = o.platform_id LEFT JOIN bbb_provider pvd  ON pvd.id = o.provider_id LEFT JOIN bbb_route r ON r.id = o.route_id  WHERE `is_delete` <> 1 ORDER BY id desc LIMIT 0,30   [ RunTime:0.0011s ]
SQL: SHOW COLUMNS FROM `bbb_user` [ RunTime:0.0081s ]
SQL: SELECT * FROM `bbb_user` WHERE ( 1=1 AND id='1' ) LIMIT 1   [ RunTime:0.0004s ]
SQL: SELECT * FROM `bbb_user` WHERE ( 1=1 AND id='1' ) LIMIT 1   [ RunTime:0.0003s ]
SQL: SELECT * FROM `bbb_user` WHERE ( 1=1 AND id='1' ) LIMIT 1   [ RunTime:0.0003s ]
SQL: SELECT * FROM `bbb_user` WHERE ( 1=1 AND id='1' ) LIMIT 1   [ RunTime:0.0003s ]
SQL: SELECT COUNT(*) AS tp_count FROM `bbb_order` WHERE `is_delete` <> 1 LIMIT 1   [ RunTime:0.0002s ]

[ 2017-01-23T23:47:35+08:00 ] ::1 /ytqmanager/Admin/Order/pageList?page=1&rows=30&sort=id&order=desc
INFO: [ app_begin ] --START--
INFO: Run Behavior\ReadHtmlCacheBehavior [ RunTime:0.000887s ]
INFO: [ app_begin ] --END-- [ RunTime:0.001692s ]
SQL: select node.id,node.name from bbb_role as role,bbb_role_user as user,bbb_access as access ,bbb_node as node where user.user_id='1' and user.role_id=role.id and ( access.role_id=role.id  or (access.role_id=role.pid and role.pid!=0 ) ) and role.status=1 and access.node_id=node.id and node.level=1 and node.status=1 [ RunTime:0.0005s ]
SQL: select node.id,node.name from bbb_role as role,bbb_role_user as user,bbb_access as access ,bbb_node as node where user.user_id='1' and user.role_id=role.id and ( access.role_id=role.id  or (access.role_id=role.pid and role.pid!=0 ) ) and role.status=1 and access.node_id=node.id and node.level=2 and node.pid=1 and node.status=1 [ RunTime:0.0007s ]
SQL: select node.id,node.name from bbb_role as role,bbb_role_user as user,bbb_access as access ,bbb_node as node where user.user_id='1' and user.role_id=role.id and ( access.role_id=role.id  or (access.role_id=role.pid and role.pid!=0 ) ) and role.status=1 and access.node_id=node.id and node.level=3 and node.pid=2 and node.status=1 [ RunTime:0.0004s ]
SQL: select node.id,node.name from bbb_role as role,bbb_role_user as user,bbb_access as access ,bbb_node as node where user.user_id='1' and user.role_id=role.id and ( access.role_id=role.id  or (access.role_id=role.pid and role.pid!=0 ) ) and role.status=1 and access.node_id=node.id and node.level=3 and node.pid=9 and node.status=1 [ RunTime:0.0006s ]
SQL: select node.id,node.name from bbb_role as role,bbb_role_user as user,bbb_access as access ,bbb_node as node where user.user_id='1' and user.role_id=role.id and ( access.role_id=role.id  or (access.role_id=role.pid and role.pid!=0 ) ) and role.status=1 and access.node_id=node.id and node.level=3 and node.pid=10 and node.status=1 [ RunTime:0.0006s ]
SQL: select node.id,node.name from bbb_role as role,bbb_role_user as user,bbb_access as access ,bbb_node as node where user.user_id='1' and user.role_id=role.id and ( access.role_id=role.id  or (access.role_id=role.pid and role.pid!=0 ) ) and role.status=1 and access.node_id=node.id and node.level=3 and node.pid=22 and node.status=1 [ RunTime:0.0004s ]
SQL: select node.id,node.name from bbb_role as role,bbb_role_user as user,bbb_access as access ,bbb_node as node where user.user_id='1' and user.role_id=role.id and ( access.role_id=role.id  or (access.role_id=role.pid and role.pid!=0 ) ) and role.status=1 and access.node_id=node.id and node.level=3 and node.pid=27 and node.status=1 [ RunTime:0.0004s ]
SQL: select node.id,node.name from bbb_role as role,bbb_role_user as user,bbb_access as access ,bbb_node as node where user.user_id='1' and user.role_id=role.id and ( access.role_id=role.id  or (access.role_id=role.pid and role.pid!=0 ) ) and role.status=1 and access.node_id=node.id and node.level=3 and node.pid=40 and node.status=1 [ RunTime:0.0004s ]
SQL: select node.id,node.name from bbb_role as role,bbb_role_user as user,bbb_access as access ,bbb_node as node where user.user_id='1' and user.role_id=role.id and ( access.role_id=role.id  or (access.role_id=role.pid and role.pid!=0 ) ) and role.status=1 and access.node_id=node.id and node.level=3 and node.pid=44 and node.status=1 [ RunTime:0.0004s ]
SQL: select node.id,node.name from bbb_role as role,bbb_role_user as user,bbb_access as access ,bbb_node as node where user.user_id='1' and user.role_id=role.id and ( access.role_id=role.id  or (access.role_id=role.pid and role.pid!=0 ) ) and role.status=1 and access.node_id=node.id and node.level=3 and node.pid=54 and node.status=1 [ RunTime:0.0005s ]
SQL: select node.id,node.name from bbb_role as role,bbb_role_user as user,bbb_access as access ,bbb_node as node where user.user_id='1' and user.role_id=role.id and ( access.role_id=role.id  or (access.role_id=role.pid and role.pid!=0 ) ) and role.status=1 and access.node_id=node.id and node.level=3 and node.pid=60 and node.status=1 [ RunTime:0.0004s ]
SQL: select node.id,node.name from bbb_role as role,bbb_role_user as user,bbb_access as access ,bbb_node as node where user.user_id='1' and user.role_id=role.id and ( access.role_id=role.id  or (access.role_id=role.pid and role.pid!=0 ) ) and role.status=1 and access.node_id=node.id and node.level=3 and node.pid=61 and node.status=1 [ RunTime:0.0004s ]
SQL: select node.id,node.name from bbb_role as role,bbb_role_user as user,bbb_access as access ,bbb_node as node where user.user_id='1' and user.role_id=role.id and ( access.role_id=role.id  or (access.role_id=role.pid and role.pid!=0 ) ) and role.status=1 and access.node_id=node.id and node.level=3 and node.pid=73 and node.status=1 [ RunTime:0.0004s ]
SQL: select node.id,node.name from bbb_role as role,bbb_role_user as user,bbb_access as access ,bbb_node as node where user.user_id='1' and user.role_id=role.id and ( access.role_id=role.id  or (access.role_id=role.pid and role.pid!=0 ) ) and role.status=1 and access.node_id=node.id and node.level=3 and node.pid=149 and node.status=1 [ RunTime:0.0004s ]
SQL: select node.id,node.name from bbb_role as role,bbb_role_user as user,bbb_access as access ,bbb_node as node where user.user_id='1' and user.role_id=role.id and ( access.role_id=role.id  or (access.role_id=role.pid and role.pid!=0 ) ) and role.status=1 and access.node_id=node.id and node.level=3 and node.pid=154 and node.status=1 [ RunTime:0.0004s ]
SQL: select node.id,node.name from bbb_role as role,bbb_role_user as user,bbb_access as access ,bbb_node as node where user.user_id='1' and user.role_id=role.id and ( access.role_id=role.id  or (access.role_id=role.pid and role.pid!=0 ) ) and role.status=1 and access.node_id=node.id and node.level=3 and node.pid=162 and node.status=1 [ RunTime:0.0004s ]
SQL: select node.id,node.name from bbb_role as role,bbb_role_user as user,bbb_access as access ,bbb_node as node where user.user_id='1' and user.role_id=role.id and ( access.role_id=role.id  or (access.role_id=role.pid and role.pid!=0 ) ) and role.status=1 and access.node_id=node.id and node.level=3 and node.pid=166 and node.status=1 [ RunTime:0.0004s ]
SQL: select node.id,node.name from bbb_role as role,bbb_role_user as user,bbb_access as access ,bbb_node as node where user.user_id='1' and user.role_id=role.id and ( access.role_id=role.id  or (access.role_id=role.pid and role.pid!=0 ) ) and role.status=1 and access.node_id=node.id and node.level=3 and node.pid=171 and node.status=1 [ RunTime:0.0004s ]
SQL: select node.id,node.name from bbb_role as role,bbb_role_user as user,bbb_access as access ,bbb_node as node where user.user_id='1' and user.role_id=role.id and ( access.role_id=role.id  or (access.role_id=role.pid and role.pid!=0 ) ) and role.status=1 and access.node_id=node.id and node.level=3 and node.pid=176 and node.status=1 [ RunTime:0.0004s ]
SQL: select node.id,node.name from bbb_role as role,bbb_role_user as user,bbb_access as access ,bbb_node as node where user.user_id='1' and user.role_id=role.id and ( access.role_id=role.id  or (access.role_id=role.pid and role.pid!=0 ) ) and role.status=1 and access.node_id=node.id and node.level=3 and node.pid=182 and node.status=1 [ RunTime:0.0004s ]
SQL: select node.id,node.name from bbb_role as role,bbb_role_user as user,bbb_access as access ,bbb_node as node where user.user_id='1' and user.role_id=role.id and ( access.role_id=role.id  or (access.role_id=role.pid and role.pid!=0 ) ) and role.status=1 and access.node_id=node.id and node.level=3 and node.pid=189 and node.status=1 [ RunTime:0.0007s ]
SQL: SHOW COLUMNS FROM `bbb_order` [ RunTime:0.0107s ]
SQL: SELECT DISTINCT  o.id,o.start_time,o.end_time,o.record_time,o.number,o.name,o.mobile,o.route_id,o.provider_id,o.sale_price,o.purchase_price,o.pay_price,o.platform_id,o.create_user,o.create_time,o.update_user,o.update_time,o.account_status,o.profit_price,o.order_num,o.remark,o.order_status,o.shuadan_price,o.refund_status,o.refund_customer_price,o.refund_provider_price,p.name as platform_name,p.store_name as store_name,p.tax as tax,pvd.name as provider_name,r.name as route_name FROM bbb_order o LEFT JOIN bbb_platform p ON p.id = o.platform_id LEFT JOIN bbb_provider pvd  ON pvd.id = o.provider_id LEFT JOIN bbb_route r ON r.id = o.route_id  WHERE `is_delete` <> 1 ORDER BY id desc LIMIT 0,30   [ RunTime:0.0013s ]
SQL: SHOW COLUMNS FROM `bbb_user` [ RunTime:0.0097s ]
SQL: SELECT * FROM `bbb_user` WHERE ( 1=1 AND id='1' ) LIMIT 1   [ RunTime:0.0004s ]
SQL: SELECT * FROM `bbb_user` WHERE ( 1=1 AND id='1' ) LIMIT 1   [ RunTime:0.0003s ]
SQL: SELECT * FROM `bbb_user` WHERE ( 1=1 AND id='1' ) LIMIT 1   [ RunTime:0.0003s ]
SQL: SELECT * FROM `bbb_user` WHERE ( 1=1 AND id='1' ) LIMIT 1   [ RunTime:0.0003s ]
SQL: SELECT COUNT(*) AS tp_count FROM `bbb_order` WHERE `is_delete` <> 1 LIMIT 1   [ RunTime:0.0002s ]

[ 2017-01-23T23:47:37+08:00 ] ::1 /ytqmanager/Admin/Order/pageList?page=1&rows=30&sort=id&order=desc
INFO: [ app_begin ] --START--
INFO: Run Behavior\ReadHtmlCacheBehavior [ RunTime:0.000970s ]
INFO: [ app_begin ] --END-- [ RunTime:0.001865s ]
SQL: select node.id,node.name from bbb_role as role,bbb_role_user as user,bbb_access as access ,bbb_node as node where user.user_id='1' and user.role_id=role.id and ( access.role_id=role.id  or (access.role_id=role.pid and role.pid!=0 ) ) and role.status=1 and access.node_id=node.id and node.level=1 and node.status=1 [ RunTime:0.0006s ]
SQL: select node.id,node.name from bbb_role as role,bbb_role_user as user,bbb_access as access ,bbb_node as node where user.user_id='1' and user.role_id=role.id and ( access.role_id=role.id  or (access.role_id=role.pid and role.pid!=0 ) ) and role.status=1 and access.node_id=node.id and node.level=2 and node.pid=1 and node.status=1 [ RunTime:0.0007s ]
SQL: select node.id,node.name from bbb_role as role,bbb_role_user as user,bbb_access as access ,bbb_node as node where user.user_id='1' and user.role_id=role.id and ( access.role_id=role.id  or (access.role_id=role.pid and role.pid!=0 ) ) and role.status=1 and access.node_id=node.id and node.level=3 and node.pid=2 and node.status=1 [ RunTime:0.0004s ]
SQL: select node.id,node.name from bbb_role as role,bbb_role_user as user,bbb_access as access ,bbb_node as node where user.user_id='1' and user.role_id=role.id and ( access.role_id=role.id  or (access.role_id=role.pid and role.pid!=0 ) ) and role.status=1 and access.node_id=node.id and node.level=3 and node.pid=9 and node.status=1 [ RunTime:0.0004s ]
SQL: select node.id,node.name from bbb_role as role,bbb_role_user as user,bbb_access as access ,bbb_node as node where user.user_id='1' and user.role_id=role.id and ( access.role_id=role.id  or (access.role_id=role.pid and role.pid!=0 ) ) and role.status=1 and access.node_id=node.id and node.level=3 and node.pid=10 and node.status=1 [ RunTime:0.0004s ]
SQL: select node.id,node.name from bbb_role as role,bbb_role_user as user,bbb_access as access ,bbb_node as node where user.user_id='1' and user.role_id=role.id and ( access.role_id=role.id  or (access.role_id=role.pid and role.pid!=0 ) ) and role.status=1 and access.node_id=node.id and node.level=3 and node.pid=22 and node.status=1 [ RunTime:0.0004s ]
SQL: select node.id,node.name from bbb_role as role,bbb_role_user as user,bbb_access as access ,bbb_node as node where user.user_id='1' and user.role_id=role.id and ( access.role_id=role.id  or (access.role_id=role.pid and role.pid!=0 ) ) and role.status=1 and access.node_id=node.id and node.level=3 and node.pid=27 and node.status=1 [ RunTime:0.0004s ]
SQL: select node.id,node.name from bbb_role as role,bbb_role_user as user,bbb_access as access ,bbb_node as node where user.user_id='1' and user.role_id=role.id and ( access.role_id=role.id  or (access.role_id=role.pid and role.pid!=0 ) ) and role.status=1 and access.node_id=node.id and node.level=3 and node.pid=40 and node.status=1 [ RunTime:0.0003s ]
SQL: select node.id,node.name from bbb_role as role,bbb_role_user as user,bbb_access as access ,bbb_node as node where user.user_id='1' and user.role_id=role.id and ( access.role_id=role.id  or (access.role_id=role.pid and role.pid!=0 ) ) and role.status=1 and access.node_id=node.id and node.level=3 and node.pid=44 and node.status=1 [ RunTime:0.0005s ]
SQL: select node.id,node.name from bbb_role as role,bbb_role_user as user,bbb_access as access ,bbb_node as node where user.user_id='1' and user.role_id=role.id and ( access.role_id=role.id  or (access.role_id=role.pid and role.pid!=0 ) ) and role.status=1 and access.node_id=node.id and node.level=3 and node.pid=54 and node.status=1 [ RunTime:0.0004s ]
SQL: select node.id,node.name from bbb_role as role,bbb_role_user as user,bbb_access as access ,bbb_node as node where user.user_id='1' and user.role_id=role.id and ( access.role_id=role.id  or (access.role_id=role.pid and role.pid!=0 ) ) and role.status=1 and access.node_id=node.id and node.level=3 and node.pid=60 and node.status=1 [ RunTime:0.0003s ]
SQL: select node.id,node.name from bbb_role as role,bbb_role_user as user,bbb_access as access ,bbb_node as node where user.user_id='1' and user.role_id=role.id and ( access.role_id=role.id  or (access.role_id=role.pid and role.pid!=0 ) ) and role.status=1 and access.node_id=node.id and node.level=3 and node.pid=61 and node.status=1 [ RunTime:0.0003s ]
SQL: select node.id,node.name from bbb_role as role,bbb_role_user as user,bbb_access as access ,bbb_node as node where user.user_id='1' and user.role_id=role.id and ( access.role_id=role.id  or (access.role_id=role.pid and role.pid!=0 ) ) and role.status=1 and access.node_id=node.id and node.level=3 and node.pid=73 and node.status=1 [ RunTime:0.0004s ]
SQL: select node.id,node.name from bbb_role as role,bbb_role_user as user,bbb_access as access ,bbb_node as node where user.user_id='1' and user.role_id=role.id and ( access.role_id=role.id  or (access.role_id=role.pid and role.pid!=0 ) ) and role.status=1 and access.node_id=node.id and node.level=3 and node.pid=149 and node.status=1 [ RunTime:0.0004s ]
SQL: select node.id,node.name from bbb_role as role,bbb_role_user as user,bbb_access as access ,bbb_node as node where user.user_id='1' and user.role_id=role.id and ( access.role_id=role.id  or (access.role_id=role.pid and role.pid!=0 ) ) and role.status=1 and access.node_id=node.id and node.level=3 and node.pid=154 and node.status=1 [ RunTime:0.0004s ]
SQL: select node.id,node.name from bbb_role as role,bbb_role_user as user,bbb_access as access ,bbb_node as node where user.user_id='1' and user.role_id=role.id and ( access.role_id=role.id  or (access.role_id=role.pid and role.pid!=0 ) ) and role.status=1 and access.node_id=node.id and node.level=3 and node.pid=162 and node.status=1 [ RunTime:0.0004s ]
SQL: select node.id,node.name from bbb_role as role,bbb_role_user as user,bbb_access as access ,bbb_node as node where user.user_id='1' and user.role_id=role.id and ( access.role_id=role.id  or (access.role_id=role.pid and role.pid!=0 ) ) and role.status=1 and access.node_id=node.id and node.level=3 and node.pid=166 and node.status=1 [ RunTime:0.0004s ]
SQL: select node.id,node.name from bbb_role as role,bbb_role_user as user,bbb_access as access ,bbb_node as node where user.user_id='1' and user.role_id=role.id and ( access.role_id=role.id  or (access.role_id=role.pid and role.pid!=0 ) ) and role.status=1 and access.node_id=node.id and node.level=3 and node.pid=171 and node.status=1 [ RunTime:0.0004s ]
SQL: select node.id,node.name from bbb_role as role,bbb_role_user as user,bbb_access as access ,bbb_node as node where user.user_id='1' and user.role_id=role.id and ( access.role_id=role.id  or (access.role_id=role.pid and role.pid!=0 ) ) and role.status=1 and access.node_id=node.id and node.level=3 and node.pid=176 and node.status=1 [ RunTime:0.0004s ]
SQL: select node.id,node.name from bbb_role as role,bbb_role_user as user,bbb_access as access ,bbb_node as node where user.user_id='1' and user.role_id=role.id and ( access.role_id=role.id  or (access.role_id=role.pid and role.pid!=0 ) ) and role.status=1 and access.node_id=node.id and node.level=3 and node.pid=182 and node.status=1 [ RunTime:0.0004s ]
SQL: select node.id,node.name from bbb_role as role,bbb_role_user as user,bbb_access as access ,bbb_node as node where user.user_id='1' and user.role_id=role.id and ( access.role_id=role.id  or (access.role_id=role.pid and role.pid!=0 ) ) and role.status=1 and access.node_id=node.id and node.level=3 and node.pid=189 and node.status=1 [ RunTime:0.0006s ]
SQL: SHOW COLUMNS FROM `bbb_order` [ RunTime:0.0129s ]
SQL: SELECT DISTINCT  o.id,o.start_time,o.end_time,o.record_time,o.number,o.name,o.mobile,o.route_id,o.provider_id,o.sale_price,o.purchase_price,o.pay_price,o.platform_id,o.create_user,o.create_time,o.update_user,o.update_time,o.account_status,o.profit_price,o.order_num,o.remark,o.order_status,o.shuadan_price,o.refund_status,o.refund_customer_price,o.refund_provider_price,p.name as platform_name,p.store_name as store_name,p.tax as tax,pvd.name as provider_name,r.name as route_name FROM bbb_order o LEFT JOIN bbb_platform p ON p.id = o.platform_id LEFT JOIN bbb_provider pvd  ON pvd.id = o.provider_id LEFT JOIN bbb_route r ON r.id = o.route_id  WHERE `is_delete` <> 1 ORDER BY id desc LIMIT 0,30   [ RunTime:0.0012s ]
SQL: SHOW COLUMNS FROM `bbb_user` [ RunTime:0.0085s ]
SQL: SELECT * FROM `bbb_user` WHERE ( 1=1 AND id='1' ) LIMIT 1   [ RunTime:0.0004s ]
SQL: SELECT * FROM `bbb_user` WHERE ( 1=1 AND id='1' ) LIMIT 1   [ RunTime:0.0003s ]
SQL: SELECT * FROM `bbb_user` WHERE ( 1=1 AND id='1' ) LIMIT 1   [ RunTime:0.0003s ]
SQL: SELECT * FROM `bbb_user` WHERE ( 1=1 AND id='1' ) LIMIT 1   [ RunTime:0.0003s ]
SQL: SELECT COUNT(*) AS tp_count FROM `bbb_order` WHERE `is_delete` <> 1 LIMIT 1   [ RunTime:0.0003s ]

[ 2017-01-23T23:47:41+08:00 ] ::1 /ytqmanager/Admin/Order/pageList?page=1&rows=30&sort=id&order=desc
INFO: [ app_begin ] --START--
INFO: Run Behavior\ReadHtmlCacheBehavior [ RunTime:0.001009s ]
INFO: [ app_begin ] --END-- [ RunTime:0.002301s ]
SQL: select node.id,node.name from bbb_role as role,bbb_role_user as user,bbb_access as access ,bbb_node as node where user.user_id='1' and user.role_id=role.id and ( access.role_id=role.id  or (access.role_id=role.pid and role.pid!=0 ) ) and role.status=1 and access.node_id=node.id and node.level=1 and node.status=1 [ RunTime:0.0007s ]
SQL: select node.id,node.name from bbb_role as role,bbb_role_user as user,bbb_access as access ,bbb_node as node where user.user_id='1' and user.role_id=role.id and ( access.role_id=role.id  or (access.role_id=role.pid and role.pid!=0 ) ) and role.status=1 and access.node_id=node.id and node.level=2 and node.pid=1 and node.status=1 [ RunTime:0.0009s ]
SQL: select node.id,node.name from bbb_role as role,bbb_role_user as user,bbb_access as access ,bbb_node as node where user.user_id='1' and user.role_id=role.id and ( access.role_id=role.id  or (access.role_id=role.pid and role.pid!=0 ) ) and role.status=1 and access.node_id=node.id and node.level=3 and node.pid=2 and node.status=1 [ RunTime:0.0004s ]
SQL: select node.id,node.name from bbb_role as role,bbb_role_user as user,bbb_access as access ,bbb_node as node where user.user_id='1' and user.role_id=role.id and ( access.role_id=role.id  or (access.role_id=role.pid and role.pid!=0 ) ) and role.status=1 and access.node_id=node.id and node.level=3 and node.pid=9 and node.status=1 [ RunTime:0.0004s ]
SQL: select node.id,node.name from bbb_role as role,bbb_role_user as user,bbb_access as access ,bbb_node as node where user.user_id='1' and user.role_id=role.id and ( access.role_id=role.id  or (access.role_id=role.pid and role.pid!=0 ) ) and role.status=1 and access.node_id=node.id and node.level=3 and node.pid=10 and node.status=1 [ RunTime:0.0005s ]
SQL: select node.id,node.name from bbb_role as role,bbb_role_user as user,bbb_access as access ,bbb_node as node where user.user_id='1' and user.role_id=role.id and ( access.role_id=role.id  or (access.role_id=role.pid and role.pid!=0 ) ) and role.status=1 and access.node_id=node.id and node.level=3 and node.pid=22 and node.status=1 [ RunTime:0.0004s ]
SQL: select node.id,node.name from bbb_role as role,bbb_role_user as user,bbb_access as access ,bbb_node as node where user.user_id='1' and user.role_id=role.id and ( access.role_id=role.id  or (access.role_id=role.pid and role.pid!=0 ) ) and role.status=1 and access.node_id=node.id and node.level=3 and node.pid=27 and node.status=1 [ RunTime:0.0004s ]
SQL: select node.id,node.name from bbb_role as role,bbb_role_user as user,bbb_access as access ,bbb_node as node where user.user_id='1' and user.role_id=role.id and ( access.role_id=role.id  or (access.role_id=role.pid and role.pid!=0 ) ) and role.status=1 and access.node_id=node.id and node.level=3 and node.pid=40 and node.status=1 [ RunTime:0.0004s ]
SQL: select node.id,node.name from bbb_role as role,bbb_role_user as user,bbb_access as access ,bbb_node as node where user.user_id='1' and user.role_id=role.id and ( access.role_id=role.id  or (access.role_id=role.pid and role.pid!=0 ) ) and role.status=1 and access.node_id=node.id and node.level=3 and node.pid=44 and node.status=1 [ RunTime:0.0003s ]
SQL: select node.id,node.name from bbb_role as role,bbb_role_user as user,bbb_access as access ,bbb_node as node where user.user_id='1' and user.role_id=role.id and ( access.role_id=role.id  or (access.role_id=role.pid and role.pid!=0 ) ) and role.status=1 and access.node_id=node.id and node.level=3 and node.pid=54 and node.status=1 [ RunTime:0.0005s ]
SQL: select node.id,node.name from bbb_role as role,bbb_role_user as user,bbb_access as access ,bbb_node as node where user.user_id='1' and user.role_id=role.id and ( access.role_id=role.id  or (access.role_id=role.pid and role.pid!=0 ) ) and role.status=1 and access.node_id=node.id and node.level=3 and node.pid=60 and node.status=1 [ RunTime:0.0006s ]
SQL: select node.id,node.name from bbb_role as role,bbb_role_user as user,bbb_access as access ,bbb_node as node where user.user_id='1' and user.role_id=role.id and ( access.role_id=role.id  or (access.role_id=role.pid and role.pid!=0 ) ) and role.status=1 and access.node_id=node.id and node.level=3 and node.pid=61 and node.status=1 [ RunTime:0.0004s ]
SQL: select node.id,node.name from bbb_role as role,bbb_role_user as user,bbb_access as access ,bbb_node as node where user.user_id='1' and user.role_id=role.id and ( access.role_id=role.id  or (access.role_id=role.pid and role.pid!=0 ) ) and role.status=1 and access.node_id=node.id and node.level=3 and node.pid=73 and node.status=1 [ RunTime:0.0005s ]
SQL: select node.id,node.name from bbb_role as role,bbb_role_user as user,bbb_access as access ,bbb_node as node where user.user_id='1' and user.role_id=role.id and ( access.role_id=role.id  or (access.role_id=role.pid and role.pid!=0 ) ) and role.status=1 and access.node_id=node.id and node.level=3 and node.pid=149 and node.status=1 [ RunTime:0.0004s ]
SQL: select node.id,node.name from bbb_role as role,bbb_role_user as user,bbb_access as access ,bbb_node as node where user.user_id='1' and user.role_id=role.id and ( access.role_id=role.id  or (access.role_id=role.pid and role.pid!=0 ) ) and role.status=1 and access.node_id=node.id and node.level=3 and node.pid=154 and node.status=1 [ RunTime:0.0004s ]
SQL: select node.id,node.name from bbb_role as role,bbb_role_user as user,bbb_access as access ,bbb_node as node where user.user_id='1' and user.role_id=role.id and ( access.role_id=role.id  or (access.role_id=role.pid and role.pid!=0 ) ) and role.status=1 and access.node_id=node.id and node.level=3 and node.pid=162 and node.status=1 [ RunTime:0.0003s ]
SQL: select node.id,node.name from bbb_role as role,bbb_role_user as user,bbb_access as access ,bbb_node as node where user.user_id='1' and user.role_id=role.id and ( access.role_id=role.id  or (access.role_id=role.pid and role.pid!=0 ) ) and role.status=1 and access.node_id=node.id and node.level=3 and node.pid=166 and node.status=1 [ RunTime:0.0004s ]
SQL: select node.id,node.name from bbb_role as role,bbb_role_user as user,bbb_access as access ,bbb_node as node where user.user_id='1' and user.role_id=role.id and ( access.role_id=role.id  or (access.role_id=role.pid and role.pid!=0 ) ) and role.status=1 and access.node_id=node.id and node.level=3 and node.pid=171 and node.status=1 [ RunTime:0.0004s ]
SQL: select node.id,node.name from bbb_role as role,bbb_role_user as user,bbb_access as access ,bbb_node as node where user.user_id='1' and user.role_id=role.id and ( access.role_id=role.id  or (access.role_id=role.pid and role.pid!=0 ) ) and role.status=1 and access.node_id=node.id and node.level=3 and node.pid=176 and node.status=1 [ RunTime:0.0003s ]
SQL: select node.id,node.name from bbb_role as role,bbb_role_user as user,bbb_access as access ,bbb_node as node where user.user_id='1' and user.role_id=role.id and ( access.role_id=role.id  or (access.role_id=role.pid and role.pid!=0 ) ) and role.status=1 and access.node_id=node.id and node.level=3 and node.pid=182 and node.status=1 [ RunTime:0.0004s ]
SQL: select node.id,node.name from bbb_role as role,bbb_role_user as user,bbb_access as access ,bbb_node as node where user.user_id='1' and user.role_id=role.id and ( access.role_id=role.id  or (access.role_id=role.pid and role.pid!=0 ) ) and role.status=1 and access.node_id=node.id and node.level=3 and node.pid=189 and node.status=1 [ RunTime:0.0004s ]
SQL: SHOW COLUMNS FROM `bbb_order` [ RunTime:0.0110s ]
SQL: SELECT DISTINCT  o.id,o.start_time,o.end_time,o.record_time,o.number,o.name,o.mobile,o.route_id,o.provider_id,o.sale_price,o.purchase_price,o.pay_price,o.platform_id,o.create_user,o.create_time,o.update_user,o.update_time,o.account_status,o.profit_price,o.order_num,o.remark,o.order_status,o.shuadan_price,o.refund_status,o.refund_customer_price,o.refund_provider_price,p.name as platform_name,p.store_name as store_name,p.tax as tax,pvd.name as provider_name,r.name as route_name FROM bbb_order o LEFT JOIN bbb_platform p ON p.id = o.platform_id LEFT JOIN bbb_provider pvd  ON pvd.id = o.provider_id LEFT JOIN bbb_route r ON r.id = o.route_id  WHERE `is_delete` <> 1 ORDER BY id desc LIMIT 0,30   [ RunTime:0.0011s ]
SQL: SHOW COLUMNS FROM `bbb_user` [ RunTime:0.0098s ]
SQL: SELECT * FROM `bbb_user` WHERE ( 1=1 AND id='1' ) LIMIT 1   [ RunTime:0.0004s ]
SQL: SELECT * FROM `bbb_user` WHERE ( 1=1 AND id='1' ) LIMIT 1   [ RunTime:0.0004s ]
SQL: SELECT * FROM `bbb_user` WHERE ( 1=1 AND id='1' ) LIMIT 1   [ RunTime:0.0003s ]
SQL: SELECT * FROM `bbb_user` WHERE ( 1=1 AND id='1' ) LIMIT 1   [ RunTime:0.0003s ]
SQL: SELECT COUNT(*) AS tp_count FROM `bbb_order` WHERE `is_delete` <> 1 LIMIT 1   [ RunTime:0.0003s ]

[ 2017-01-23T23:47:42+08:00 ] ::1 /ytqmanager/Admin/Order/pageList?page=1&rows=30&sort=id&order=desc
INFO: [ app_begin ] --START--
INFO: Run Behavior\ReadHtmlCacheBehavior [ RunTime:0.001045s ]
INFO: [ app_begin ] --END-- [ RunTime:0.001994s ]
SQL: select node.id,node.name from bbb_role as role,bbb_role_user as user,bbb_access as access ,bbb_node as node where user.user_id='1' and user.role_id=role.id and ( access.role_id=role.id  or (access.role_id=role.pid and role.pid!=0 ) ) and role.status=1 and access.node_id=node.id and node.level=1 and node.status=1 [ RunTime:0.0007s ]
SQL: select node.id,node.name from bbb_role as role,bbb_role_user as user,bbb_access as access ,bbb_node as node where user.user_id='1' and user.role_id=role.id and ( access.role_id=role.id  or (access.role_id=role.pid and role.pid!=0 ) ) and role.status=1 and access.node_id=node.id and node.level=2 and node.pid=1 and node.status=1 [ RunTime:0.0010s ]
SQL: select node.id,node.name from bbb_role as role,bbb_role_user as user,bbb_access as access ,bbb_node as node where user.user_id='1' and user.role_id=role.id and ( access.role_id=role.id  or (access.role_id=role.pid and role.pid!=0 ) ) and role.status=1 and access.node_id=node.id and node.level=3 and node.pid=2 and node.status=1 [ RunTime:0.0006s ]
SQL: select node.id,node.name from bbb_role as role,bbb_role_user as user,bbb_access as access ,bbb_node as node where user.user_id='1' and user.role_id=role.id and ( access.role_id=role.id  or (access.role_id=role.pid and role.pid!=0 ) ) and role.status=1 and access.node_id=node.id and node.level=3 and node.pid=9 and node.status=1 [ RunTime:0.0008s ]
SQL: select node.id,node.name from bbb_role as role,bbb_role_user as user,bbb_access as access ,bbb_node as node where user.user_id='1' and user.role_id=role.id and ( access.role_id=role.id  or (access.role_id=role.pid and role.pid!=0 ) ) and role.status=1 and access.node_id=node.id and node.level=3 and node.pid=10 and node.status=1 [ RunTime:0.0006s ]
SQL: select node.id,node.name from bbb_role as role,bbb_role_user as user,bbb_access as access ,bbb_node as node where user.user_id='1' and user.role_id=role.id and ( access.role_id=role.id  or (access.role_id=role.pid and role.pid!=0 ) ) and role.status=1 and access.node_id=node.id and node.level=3 and node.pid=22 and node.status=1 [ RunTime:0.0007s ]
SQL: select node.id,node.name from bbb_role as role,bbb_role_user as user,bbb_access as access ,bbb_node as node where user.user_id='1' and user.role_id=role.id and ( access.role_id=role.id  or (access.role_id=role.pid and role.pid!=0 ) ) and role.status=1 and access.node_id=node.id and node.level=3 and node.pid=27 and node.status=1 [ RunTime:0.0006s ]
SQL: select node.id,node.name from bbb_role as role,bbb_role_user as user,bbb_access as access ,bbb_node as node where user.user_id='1' and user.role_id=role.id and ( access.role_id=role.id  or (access.role_id=role.pid and role.pid!=0 ) ) and role.status=1 and access.node_id=node.id and node.level=3 and node.pid=40 and node.status=1 [ RunTime:0.0005s ]
SQL: select node.id,node.name from bbb_role as role,bbb_role_user as user,bbb_access as access ,bbb_node as node where user.user_id='1' and user.role_id=role.id and ( access.role_id=role.id  or (access.role_id=role.pid and role.pid!=0 ) ) and role.status=1 and access.node_id=node.id and node.level=3 and node.pid=44 and node.status=1 [ RunTime:0.0005s ]
SQL: select node.id,node.name from bbb_role as role,bbb_role_user as user,bbb_access as access ,bbb_node as node where user.user_id='1' and user.role_id=role.id and ( access.role_id=role.id  or (access.role_id=role.pid and role.pid!=0 ) ) and role.status=1 and access.node_id=node.id and node.level=3 and node.pid=54 and node.status=1 [ RunTime:0.0004s ]
SQL: select node.id,node.name from bbb_role as role,bbb_role_user as user,bbb_access as access ,bbb_node as node where user.user_id='1' and user.role_id=role.id and ( access.role_id=role.id  or (access.role_id=role.pid and role.pid!=0 ) ) and role.status=1 and access.node_id=node.id and node.level=3 and node.pid=60 and node.status=1 [ RunTime:0.0004s ]
SQL: select node.id,node.name from bbb_role as role,bbb_role_user as user,bbb_access as access ,bbb_node as node where user.user_id='1' and user.role_id=role.id and ( access.role_id=role.id  or (access.role_id=role.pid and role.pid!=0 ) ) and role.status=1 and access.node_id=node.id and node.level=3 and node.pid=61 and node.status=1 [ RunTime:0.0006s ]
SQL: select node.id,node.name from bbb_role as role,bbb_role_user as user,bbb_access as access ,bbb_node as node where user.user_id='1' and user.role_id=role.id and ( access.role_id=role.id  or (access.role_id=role.pid and role.pid!=0 ) ) and role.status=1 and access.node_id=node.id and node.level=3 and node.pid=73 and node.status=1 [ RunTime:0.0004s ]
SQL: select node.id,node.name from bbb_role as role,bbb_role_user as user,bbb_access as access ,bbb_node as node where user.user_id='1' and user.role_id=role.id and ( access.role_id=role.id  or (access.role_id=role.pid and role.pid!=0 ) ) and role.status=1 and access.node_id=node.id and node.level=3 and node.pid=149 and node.status=1 [ RunTime:0.0004s ]
SQL: select node.id,node.name from bbb_role as role,bbb_role_user as user,bbb_access as access ,bbb_node as node where user.user_id='1' and user.role_id=role.id and ( access.role_id=role.id  or (access.role_id=role.pid and role.pid!=0 ) ) and role.status=1 and access.node_id=node.id and node.level=3 and node.pid=154 and node.status=1 [ RunTime:0.0005s ]
SQL: select node.id,node.name from bbb_role as role,bbb_role_user as user,bbb_access as access ,bbb_node as node where user.user_id='1' and user.role_id=role.id and ( access.role_id=role.id  or (access.role_id=role.pid and role.pid!=0 ) ) and role.status=1 and access.node_id=node.id and node.level=3 and node.pid=162 and node.status=1 [ RunTime:0.0004s ]
SQL: select node.id,node.name from bbb_role as role,bbb_role_user as user,bbb_access as access ,bbb_node as node where user.user_id='1' and user.role_id=role.id and ( access.role_id=role.id  or (access.role_id=role.pid and role.pid!=0 ) ) and role.status=1 and access.node_id=node.id and node.level=3 and node.pid=166 and node.status=1 [ RunTime:0.0004s ]
SQL: select node.id,node.name from bbb_role as role,bbb_role_user as user,bbb_access as access ,bbb_node as node where user.user_id='1' and user.role_id=role.id and ( access.role_id=role.id  or (access.role_id=role.pid and role.pid!=0 ) ) and role.status=1 and access.node_id=node.id and node.level=3 and node.pid=171 and node.status=1 [ RunTime:0.0004s ]
SQL: select node.id,node.name from bbb_role as role,bbb_role_user as user,bbb_access as access ,bbb_node as node where user.user_id='1' and user.role_id=role.id and ( access.role_id=role.id  or (access.role_id=role.pid and role.pid!=0 ) ) and role.status=1 and access.node_id=node.id and node.level=3 and node.pid=176 and node.status=1 [ RunTime:0.0004s ]
SQL: select node.id,node.name from bbb_role as role,bbb_role_user as user,bbb_access as access ,bbb_node as node where user.user_id='1' and user.role_id=role.id and ( access.role_id=role.id  or (access.role_id=role.pid and role.pid!=0 ) ) and role.status=1 and access.node_id=node.id and node.level=3 and node.pid=182 and node.status=1 [ RunTime:0.0004s ]
SQL: select node.id,node.name from bbb_role as role,bbb_role_user as user,bbb_access as access ,bbb_node as node where user.user_id='1' and user.role_id=role.id and ( access.role_id=role.id  or (access.role_id=role.pid and role.pid!=0 ) ) and role.status=1 and access.node_id=node.id and node.level=3 and node.pid=189 and node.status=1 [ RunTime:0.0004s ]
SQL: SHOW COLUMNS FROM `bbb_order` [ RunTime:0.0112s ]
SQL: SELECT DISTINCT  o.id,o.start_time,o.end_time,o.record_time,o.number,o.name,o.mobile,o.route_id,o.provider_id,o.sale_price,o.purchase_price,o.pay_price,o.platform_id,o.create_user,o.create_time,o.update_user,o.update_time,o.account_status,o.profit_price,o.order_num,o.remark,o.order_status,o.shuadan_price,o.refund_status,o.refund_customer_price,o.refund_provider_price,p.name as platform_name,p.store_name as store_name,p.tax as tax,pvd.name as provider_name,r.name as route_name FROM bbb_order o LEFT JOIN bbb_platform p ON p.id = o.platform_id LEFT JOIN bbb_provider pvd  ON pvd.id = o.provider_id LEFT JOIN bbb_route r ON r.id = o.route_id  WHERE `is_delete` <> 1 ORDER BY id desc LIMIT 0,30   [ RunTime:0.0013s ]
SQL: SHOW COLUMNS FROM `bbb_user` [ RunTime:0.0111s ]
SQL: SELECT * FROM `bbb_user` WHERE ( 1=1 AND id='1' ) LIMIT 1   [ RunTime:0.0004s ]
SQL: SELECT * FROM `bbb_user` WHERE ( 1=1 AND id='1' ) LIMIT 1   [ RunTime:0.0003s ]
SQL: SELECT * FROM `bbb_user` WHERE ( 1=1 AND id='1' ) LIMIT 1   [ RunTime:0.0003s ]
SQL: SELECT * FROM `bbb_user` WHERE ( 1=1 AND id='1' ) LIMIT 1   [ RunTime:0.0003s ]
SQL: SELECT COUNT(*) AS tp_count FROM `bbb_order` WHERE `is_delete` <> 1 LIMIT 1   [ RunTime:0.0003s ]

[ 2017-01-23T23:47:42+08:00 ] ::1 /ytqmanager/Admin/Order/pageList?page=1&rows=30&sort=id&order=desc
INFO: [ app_begin ] --START--
INFO: Run Behavior\ReadHtmlCacheBehavior [ RunTime:0.000857s ]
INFO: [ app_begin ] --END-- [ RunTime:0.001638s ]
SQL: select node.id,node.name from bbb_role as role,bbb_role_user as user,bbb_access as access ,bbb_node as node where user.user_id='1' and user.role_id=role.id and ( access.role_id=role.id  or (access.role_id=role.pid and role.pid!=0 ) ) and role.status=1 and access.node_id=node.id and node.level=1 and node.status=1 [ RunTime:0.0006s ]
SQL: select node.id,node.name from bbb_role as role,bbb_role_user as user,bbb_access as access ,bbb_node as node where user.user_id='1' and user.role_id=role.id and ( access.role_id=role.id  or (access.role_id=role.pid and role.pid!=0 ) ) and role.status=1 and access.node_id=node.id and node.level=2 and node.pid=1 and node.status=1 [ RunTime:0.0007s ]
SQL: select node.id,node.name from bbb_role as role,bbb_role_user as user,bbb_access as access ,bbb_node as node where user.user_id='1' and user.role_id=role.id and ( access.role_id=role.id  or (access.role_id=role.pid and role.pid!=0 ) ) and role.status=1 and access.node_id=node.id and node.level=3 and node.pid=2 and node.status=1 [ RunTime:0.0004s ]
SQL: select node.id,node.name from bbb_role as role,bbb_role_user as user,bbb_access as access ,bbb_node as node where user.user_id='1' and user.role_id=role.id and ( access.role_id=role.id  or (access.role_id=role.pid and role.pid!=0 ) ) and role.status=1 and access.node_id=node.id and node.level=3 and node.pid=9 and node.status=1 [ RunTime:0.0004s ]
SQL: select node.id,node.name from bbb_role as role,bbb_role_user as user,bbb_access as access ,bbb_node as node where user.user_id='1' and user.role_id=role.id and ( access.role_id=role.id  or (access.role_id=role.pid and role.pid!=0 ) ) and role.status=1 and access.node_id=node.id and node.level=3 and node.pid=10 and node.status=1 [ RunTime:0.0005s ]
SQL: select node.id,node.name from bbb_role as role,bbb_role_user as user,bbb_access as access ,bbb_node as node where user.user_id='1' and user.role_id=role.id and ( access.role_id=role.id  or (access.role_id=role.pid and role.pid!=0 ) ) and role.status=1 and access.node_id=node.id and node.level=3 and node.pid=22 and node.status=1 [ RunTime:0.0006s ]
SQL: select node.id,node.name from bbb_role as role,bbb_role_user as user,bbb_access as access ,bbb_node as node where user.user_id='1' and user.role_id=role.id and ( access.role_id=role.id  or (access.role_id=role.pid and role.pid!=0 ) ) and role.status=1 and access.node_id=node.id and node.level=3 and node.pid=27 and node.status=1 [ RunTime:0.0004s ]
SQL: select node.id,node.name from bbb_role as role,bbb_role_user as user,bbb_access as access ,bbb_node as node where user.user_id='1' and user.role_id=role.id and ( access.role_id=role.id  or (access.role_id=role.pid and role.pid!=0 ) ) and role.status=1 and access.node_id=node.id and node.level=3 and node.pid=40 and node.status=1 [ RunTime:0.0004s ]
SQL: select node.id,node.name from bbb_role as role,bbb_role_user as user,bbb_access as access ,bbb_node as node where user.user_id='1' and user.role_id=role.id and ( access.role_id=role.id  or (access.role_id=role.pid and role.pid!=0 ) ) and role.status=1 and access.node_id=node.id and node.level=3 and node.pid=44 and node.status=1 [ RunTime:0.0004s ]
SQL: select node.id,node.name from bbb_role as role,bbb_role_user as user,bbb_access as access ,bbb_node as node where user.user_id='1' and user.role_id=role.id and ( access.role_id=role.id  or (access.role_id=role.pid and role.pid!=0 ) ) and role.status=1 and access.node_id=node.id and node.level=3 and node.pid=54 and node.status=1 [ RunTime:0.0004s ]
SQL: select node.id,node.name from bbb_role as role,bbb_role_user as user,bbb_access as access ,bbb_node as node where user.user_id='1' and user.role_id=role.id and ( access.role_id=role.id  or (access.role_id=role.pid and role.pid!=0 ) ) and role.status=1 and access.node_id=node.id and node.level=3 and node.pid=60 and node.status=1 [ RunTime:0.0004s ]
SQL: select node.id,node.name from bbb_role as role,bbb_role_user as user,bbb_access as access ,bbb_node as node where user.user_id='1' and user.role_id=role.id and ( access.role_id=role.id  or (access.role_id=role.pid and role.pid!=0 ) ) and role.status=1 and access.node_id=node.id and node.level=3 and node.pid=61 and node.status=1 [ RunTime:0.0004s ]
SQL: select node.id,node.name from bbb_role as role,bbb_role_user as user,bbb_access as access ,bbb_node as node where user.user_id='1' and user.role_id=role.id and ( access.role_id=role.id  or (access.role_id=role.pid and role.pid!=0 ) ) and role.status=1 and access.node_id=node.id and node.level=3 and node.pid=73 and node.status=1 [ RunTime:0.0004s ]
SQL: select node.id,node.name from bbb_role as role,bbb_role_user as user,bbb_access as access ,bbb_node as node where user.user_id='1' and user.role_id=role.id and ( access.role_id=role.id  or (access.role_id=role.pid and role.pid!=0 ) ) and role.status=1 and access.node_id=node.id and node.level=3 and node.pid=149 and node.status=1 [ RunTime:0.0003s ]
SQL: select node.id,node.name from bbb_role as role,bbb_role_user as user,bbb_access as access ,bbb_node as node where user.user_id='1' and user.role_id=role.id and ( access.role_id=role.id  or (access.role_id=role.pid and role.pid!=0 ) ) and role.status=1 and access.node_id=node.id and node.level=3 and node.pid=154 and node.status=1 [ RunTime:0.0003s ]
SQL: select node.id,node.name from bbb_role as role,bbb_role_user as user,bbb_access as access ,bbb_node as node where user.user_id='1' and user.role_id=role.id and ( access.role_id=role.id  or (access.role_id=role.pid and role.pid!=0 ) ) and role.status=1 and access.node_id=node.id and node.level=3 and node.pid=162 and node.status=1 [ RunTime:0.0004s ]
SQL: select node.id,node.name from bbb_role as role,bbb_role_user as user,bbb_access as access ,bbb_node as node where user.user_id='1' and user.role_id=role.id and ( access.role_id=role.id  or (access.role_id=role.pid and role.pid!=0 ) ) and role.status=1 and access.node_id=node.id and node.level=3 and node.pid=166 and node.status=1 [ RunTime:0.0004s ]
SQL: select node.id,node.name from bbb_role as role,bbb_role_user as user,bbb_access as access ,bbb_node as node where user.user_id='1' and user.role_id=role.id and ( access.role_id=role.id  or (access.role_id=role.pid and role.pid!=0 ) ) and role.status=1 and access.node_id=node.id and node.level=3 and node.pid=171 and node.status=1 [ RunTime:0.0003s ]
SQL: select node.id,node.name from bbb_role as role,bbb_role_user as user,bbb_access as access ,bbb_node as node where user.user_id='1' and user.role_id=role.id and ( access.role_id=role.id  or (access.role_id=role.pid and role.pid!=0 ) ) and role.status=1 and access.node_id=node.id and node.level=3 and node.pid=176 and node.status=1 [ RunTime:0.0003s ]
SQL: select node.id,node.name from bbb_role as role,bbb_role_user as user,bbb_access as access ,bbb_node as node where user.user_id='1' and user.role_id=role.id and ( access.role_id=role.id  or (access.role_id=role.pid and role.pid!=0 ) ) and role.status=1 and access.node_id=node.id and node.level=3 and node.pid=182 and node.status=1 [ RunTime:0.0004s ]
SQL: select node.id,node.name from bbb_role as role,bbb_role_user as user,bbb_access as access ,bbb_node as node where user.user_id='1' and user.role_id=role.id and ( access.role_id=role.id  or (access.role_id=role.pid and role.pid!=0 ) ) and role.status=1 and access.node_id=node.id and node.level=3 and node.pid=189 and node.status=1 [ RunTime:0.0004s ]
SQL: SHOW COLUMNS FROM `bbb_order` [ RunTime:0.0097s ]
SQL: SELECT DISTINCT  o.id,o.start_time,o.end_time,o.record_time,o.number,o.name,o.mobile,o.route_id,o.provider_id,o.sale_price,o.purchase_price,o.pay_price,o.platform_id,o.create_user,o.create_time,o.update_user,o.update_time,o.account_status,o.profit_price,o.order_num,o.remark,o.order_status,o.shuadan_price,o.refund_status,o.refund_customer_price,o.refund_provider_price,p.name as platform_name,p.store_name as store_name,p.tax as tax,pvd.name as provider_name,r.name as route_name FROM bbb_order o LEFT JOIN bbb_platform p ON p.id = o.platform_id LEFT JOIN bbb_provider pvd  ON pvd.id = o.provider_id LEFT JOIN bbb_route r ON r.id = o.route_id  WHERE `is_delete` <> 1 ORDER BY id desc LIMIT 0,30   [ RunTime:0.0011s ]
SQL: SHOW COLUMNS FROM `bbb_user` [ RunTime:0.0079s ]
SQL: SELECT * FROM `bbb_user` WHERE ( 1=1 AND id='1' ) LIMIT 1   [ RunTime:0.0003s ]
SQL: SELECT * FROM `bbb_user` WHERE ( 1=1 AND id='1' ) LIMIT 1   [ RunTime:0.0003s ]
SQL: SELECT * FROM `bbb_user` WHERE ( 1=1 AND id='1' ) LIMIT 1   [ RunTime:0.0003s ]
SQL: SELECT * FROM `bbb_user` WHERE ( 1=1 AND id='1' ) LIMIT 1   [ RunTime:0.0003s ]
SQL: SELECT COUNT(*) AS tp_count FROM `bbb_order` WHERE `is_delete` <> 1 LIMIT 1   [ RunTime:0.0002s ]

[ 2017-01-23T23:47:43+08:00 ] ::1 /ytqmanager/Admin/Order/pageList?page=1&rows=30&sort=id&order=desc
INFO: [ app_begin ] --START--
INFO: Run Behavior\ReadHtmlCacheBehavior [ RunTime:0.001261s ]
INFO: [ app_begin ] --END-- [ RunTime:0.002288s ]
SQL: select node.id,node.name from bbb_role as role,bbb_role_user as user,bbb_access as access ,bbb_node as node where user.user_id='1' and user.role_id=role.id and ( access.role_id=role.id  or (access.role_id=role.pid and role.pid!=0 ) ) and role.status=1 and access.node_id=node.id and node.level=1 and node.status=1 [ RunTime:0.0005s ]
SQL: select node.id,node.name from bbb_role as role,bbb_role_user as user,bbb_access as access ,bbb_node as node where user.user_id='1' and user.role_id=role.id and ( access.role_id=role.id  or (access.role_id=role.pid and role.pid!=0 ) ) and role.status=1 and access.node_id=node.id and node.level=2 and node.pid=1 and node.status=1 [ RunTime:0.0007s ]
SQL: select node.id,node.name from bbb_role as role,bbb_role_user as user,bbb_access as access ,bbb_node as node where user.user_id='1' and user.role_id=role.id and ( access.role_id=role.id  or (access.role_id=role.pid and role.pid!=0 ) ) and role.status=1 and access.node_id=node.id and node.level=3 and node.pid=2 and node.status=1 [ RunTime:0.0005s ]
SQL: select node.id,node.name from bbb_role as role,bbb_role_user as user,bbb_access as access ,bbb_node as node where user.user_id='1' and user.role_id=role.id and ( access.role_id=role.id  or (access.role_id=role.pid and role.pid!=0 ) ) and role.status=1 and access.node_id=node.id and node.level=3 and node.pid=9 and node.status=1 [ RunTime:0.0004s ]
SQL: select node.id,node.name from bbb_role as role,bbb_role_user as user,bbb_access as access ,bbb_node as node where user.user_id='1' and user.role_id=role.id and ( access.role_id=role.id  or (access.role_id=role.pid and role.pid!=0 ) ) and role.status=1 and access.node_id=node.id and node.level=3 and node.pid=10 and node.status=1 [ RunTime:0.0004s ]
SQL: select node.id,node.name from bbb_role as role,bbb_role_user as user,bbb_access as access ,bbb_node as node where user.user_id='1' and user.role_id=role.id and ( access.role_id=role.id  or (access.role_id=role.pid and role.pid!=0 ) ) and role.status=1 and access.node_id=node.id and node.level=3 and node.pid=22 and node.status=1 [ RunTime:0.0005s ]
SQL: select node.id,node.name from bbb_role as role,bbb_role_user as user,bbb_access as access ,bbb_node as node where user.user_id='1' and user.role_id=role.id and ( access.role_id=role.id  or (access.role_id=role.pid and role.pid!=0 ) ) and role.status=1 and access.node_id=node.id and node.level=3 and node.pid=27 and node.status=1 [ RunTime:0.0005s ]
SQL: select node.id,node.name from bbb_role as role,bbb_role_user as user,bbb_access as access ,bbb_node as node where user.user_id='1' and user.role_id=role.id and ( access.role_id=role.id  or (access.role_id=role.pid and role.pid!=0 ) ) and role.status=1 and access.node_id=node.id and node.level=3 and node.pid=40 and node.status=1 [ RunTime:0.0004s ]
SQL: select node.id,node.name from bbb_role as role,bbb_role_user as user,bbb_access as access ,bbb_node as node where user.user_id='1' and user.role_id=role.id and ( access.role_id=role.id  or (access.role_id=role.pid and role.pid!=0 ) ) and role.status=1 and access.node_id=node.id and node.level=3 and node.pid=44 and node.status=1 [ RunTime:0.0005s ]
SQL: select node.id,node.name from bbb_role as role,bbb_role_user as user,bbb_access as access ,bbb_node as node where user.user_id='1' and user.role_id=role.id and ( access.role_id=role.id  or (access.role_id=role.pid and role.pid!=0 ) ) and role.status=1 and access.node_id=node.id and node.level=3 and node.pid=54 and node.status=1 [ RunTime:0.0005s ]
SQL: select node.id,node.name from bbb_role as role,bbb_role_user as user,bbb_access as access ,bbb_node as node where user.user_id='1' and user.role_id=role.id and ( access.role_id=role.id  or (access.role_id=role.pid and role.pid!=0 ) ) and role.status=1 and access.node_id=node.id and node.level=3 and node.pid=60 and node.status=1 [ RunTime:0.0004s ]
SQL: select node.id,node.name from bbb_role as role,bbb_role_user as user,bbb_access as access ,bbb_node as node where user.user_id='1' and user.role_id=role.id and ( access.role_id=role.id  or (access.role_id=role.pid and role.pid!=0 ) ) and role.status=1 and access.node_id=node.id and node.level=3 and node.pid=61 and node.status=1 [ RunTime:0.0004s ]
SQL: select node.id,node.name from bbb_role as role,bbb_role_user as user,bbb_access as access ,bbb_node as node where user.user_id='1' and user.role_id=role.id and ( access.role_id=role.id  or (access.role_id=role.pid and role.pid!=0 ) ) and role.status=1 and access.node_id=node.id and node.level=3 and node.pid=73 and node.status=1 [ RunTime:0.0004s ]
SQL: select node.id,node.name from bbb_role as role,bbb_role_user as user,bbb_access as access ,bbb_node as node where user.user_id='1' and user.role_id=role.id and ( access.role_id=role.id  or (access.role_id=role.pid and role.pid!=0 ) ) and role.status=1 and access.node_id=node.id and node.level=3 and node.pid=149 and node.status=1 [ RunTime:0.0004s ]
SQL: select node.id,node.name from bbb_role as role,bbb_role_user as user,bbb_access as access ,bbb_node as node where user.user_id='1' and user.role_id=role.id and ( access.role_id=role.id  or (access.role_id=role.pid and role.pid!=0 ) ) and role.status=1 and access.node_id=node.id and node.level=3 and node.pid=154 and node.status=1 [ RunTime:0.0004s ]
SQL: select node.id,node.name from bbb_role as role,bbb_role_user as user,bbb_access as access ,bbb_node as node where user.user_id='1' and user.role_id=role.id and ( access.role_id=role.id  or (access.role_id=role.pid and role.pid!=0 ) ) and role.status=1 and access.node_id=node.id and node.level=3 and node.pid=162 and node.status=1 [ RunTime:0.0004s ]
SQL: select node.id,node.name from bbb_role as role,bbb_role_user as user,bbb_access as access ,bbb_node as node where user.user_id='1' and user.role_id=role.id and ( access.role_id=role.id  or (access.role_id=role.pid and role.pid!=0 ) ) and role.status=1 and access.node_id=node.id and node.level=3 and node.pid=166 and node.status=1 [ RunTime:0.0004s ]
SQL: select node.id,node.name from bbb_role as role,bbb_role_user as user,bbb_access as access ,bbb_node as node where user.user_id='1' and user.role_id=role.id and ( access.role_id=role.id  or (access.role_id=role.pid and role.pid!=0 ) ) and role.status=1 and access.node_id=node.id and node.level=3 and node.pid=171 and node.status=1 [ RunTime:0.0004s ]
SQL: select node.id,node.name from bbb_role as role,bbb_role_user as user,bbb_access as access ,bbb_node as node where user.user_id='1' and user.role_id=role.id and ( access.role_id=role.id  or (access.role_id=role.pid and role.pid!=0 ) ) and role.status=1 and access.node_id=node.id and node.level=3 and node.pid=176 and node.status=1 [ RunTime:0.0004s ]
SQL: select node.id,node.name from bbb_role as role,bbb_role_user as user,bbb_access as access ,bbb_node as node where user.user_id='1' and user.role_id=role.id and ( access.role_id=role.id  or (access.role_id=role.pid and role.pid!=0 ) ) and role.status=1 and access.node_id=node.id and node.level=3 and node.pid=182 and node.status=1 [ RunTime:0.0004s ]
SQL: select node.id,node.name from bbb_role as role,bbb_role_user as user,bbb_access as access ,bbb_node as node where user.user_id='1' and user.role_id=role.id and ( access.role_id=role.id  or (access.role_id=role.pid and role.pid!=0 ) ) and role.status=1 and access.node_id=node.id and node.level=3 and node.pid=189 and node.status=1 [ RunTime:0.0004s ]
SQL: SHOW COLUMNS FROM `bbb_order` [ RunTime:0.0103s ]
SQL: SELECT DISTINCT  o.id,o.start_time,o.end_time,o.record_time,o.number,o.name,o.mobile,o.route_id,o.provider_id,o.sale_price,o.purchase_price,o.pay_price,o.platform_id,o.create_user,o.create_time,o.update_user,o.update_time,o.account_status,o.profit_price,o.order_num,o.remark,o.order_status,o.shuadan_price,o.refund_status,o.refund_customer_price,o.refund_provider_price,p.name as platform_name,p.store_name as store_name,p.tax as tax,pvd.name as provider_name,r.name as route_name FROM bbb_order o LEFT JOIN bbb_platform p ON p.id = o.platform_id LEFT JOIN bbb_provider pvd  ON pvd.id = o.provider_id LEFT JOIN bbb_route r ON r.id = o.route_id  WHERE `is_delete` <> 1 ORDER BY id desc LIMIT 0,30   [ RunTime:0.0010s ]
SQL: SHOW COLUMNS FROM `bbb_user` [ RunTime:0.0086s ]
SQL: SELECT * FROM `bbb_user` WHERE ( 1=1 AND id='1' ) LIMIT 1   [ RunTime:0.0004s ]
SQL: SELECT * FROM `bbb_user` WHERE ( 1=1 AND id='1' ) LIMIT 1   [ RunTime:0.0003s ]
SQL: SELECT * FROM `bbb_user` WHERE ( 1=1 AND id='1' ) LIMIT 1   [ RunTime:0.0003s ]
SQL: SELECT * FROM `bbb_user` WHERE ( 1=1 AND id='1' ) LIMIT 1   [ RunTime:0.0003s ]
SQL: SELECT COUNT(*) AS tp_count FROM `bbb_order` WHERE `is_delete` <> 1 LIMIT 1   [ RunTime:0.0002s ]

